  **** HLS Build v2025.2 6295257
INFO: [HLS 200-2005] Using work_dir C:/Users/Admin/Desktop/Bharat_ARM_Challenge/hls_component/hls_component 
WARNING: cannot remove old output: C:/Users/Admin/Desktop/Bharat_ARM_Challenge/hls_component/hls_component/hls/.autopilot
INFO: [HLS 200-2176] Writing Vitis IDE component file C:/Users/Admin/Desktop/Bharat_ARM_Challenge/hls_component/hls_component/vitis-comp.json
INFO: [HLS 200-10] Creating and opening component 'C:/Users/Admin/Desktop/Bharat_ARM_Challenge/hls_component/hls_component'.
INFO: [HLS 200-1505] Using default flow_target 'vivado'
Resolution: For help on HLS 200-1505 see docs.amd.com/access/sources/dita/topic?Doc_Version=2025.2%20English&url=ug1448-hls-guidance&resourceid=200-1505.html
INFO: [HLS 200-2174] Applying component config ini file hls_config.cfg
INFO: [HLS 200-1465] Applying config ini 'syn.file=conv2d.cpp' from hls_config.cfg(9)
INFO: [HLS 200-10] Adding design file 'C:/Users/Admin/Desktop/Bharat_ARM_Challenge/hls_component/conv2d.cpp' to the project
INFO: [HLS 200-1465] Applying config ini 'syn.file=C:/Users/Admin/Downloads/conv1_weights.h' from hls_config.cfg(10)
INFO: [HLS 200-10] Adding design file 'C:/Users/Admin/Downloads/conv1_weights.h' to the project
INFO: [HLS 200-1465] Applying config ini 'syn.file=C:/Users/Admin/Downloads/test_image.h' from hls_config.cfg(11)
INFO: [HLS 200-10] Adding design file 'C:/Users/Admin/Downloads/test_image.h' to the project
INFO: [HLS 200-1465] Applying config ini 'syn.file=C:/Users/Admin/Downloads/conv2_weights.h' from hls_config.cfg(12)
INFO: [HLS 200-10] Adding design file 'C:/Users/Admin/Downloads/conv2_weights.h' to the project
INFO: [HLS 200-1465] Applying config ini 'tb.file=conv2d_tb.cpp' from hls_config.cfg(7)
INFO: [HLS 200-10] Adding test bench file 'C:/Users/Admin/Desktop/Bharat_ARM_Challenge/hls_component/conv2d_tb.cpp' to the project
INFO: [HLS 200-1465] Applying config ini 'syn.top=conv2d' from hls_config.cfg(8)
INFO: [HLS 200-1465] Applying config ini 'flow_target=vivado' from hls_config.cfg(4)
INFO: [HLS 200-1505] Using flow_target 'vivado'
Resolution: For help on HLS 200-1505 see docs.amd.com/access/sources/dita/topic?Doc_Version=2025.2%20English&url=ug1448-hls-guidance&resourceid=200-1505.html
INFO: [HLS 200-1465] Applying config ini 'part=xc7z020clg484-1' from hls_config.cfg(1)
INFO: [HLS 200-1611] Setting target device to 'xc7z020-clg484-1'
INFO: [HLS 200-1465] Applying config ini 'package.output.format=ip_catalog' from hls_config.cfg(5)
INFO: [HLS 200-2176] Writing Vitis IDE component file C:/Users/Admin/Desktop/Bharat_ARM_Challenge/hls_component/hls_component/vitis-comp.json
INFO: [HLS 200-111] Finished File checks and directory preparation: CPU user time: 2 seconds. CPU system time: 2 seconds. Elapsed time: 4.769 seconds; current allocated memory: 134.547 MB.
INFO: [HLS 200-2191] C-Synthesis will use clang-16 as the compiler
INFO: [HLS 200-10] Analyzing design file 'conv2d.cpp' ... 
WARNING: [HLS 200-1986] Could not apply TOP directive, invalid function, label, or variable (:0)
INFO: [HLS 200-111] Finished Source Code Analysis and Preprocessing: CPU user time: 0 seconds. CPU system time: 0 seconds. Elapsed time: 4.261 seconds; current allocated memory: 137.035 MB.
ERROR: [HLS 214-157] Top function not found: there is no function named 'conv2d'
error: Top function not found: there is no function named 'conv2d'
ERROR: Error in opt
INFO: [HLS 200-112] Total CPU user time: 2 seconds. Total CPU system time: 2 seconds. Total elapsed time: 13.422 seconds; peak allocated memory: 137.387 MB.
