  **** HLS Build v2025.2 6295257
INFO: [HLS 200-2005] Using work_dir C:/Users/Admin/Desktop/Bharat_ARM_Challenge/hls_component/hls_component 
INFO: [HLS 200-2176] Writing Vitis IDE component file C:/Users/Admin/Desktop/Bharat_ARM_Challenge/hls_component/hls_component/vitis-comp.json
INFO: [HLS 200-10] Creating and opening component 'C:/Users/Admin/Desktop/Bharat_ARM_Challenge/hls_component/hls_component'.
INFO: [HLS 200-1611] Setting target device to 'xc7z020-clg484-1'
INFO: [HLS 200-1505] Using default flow_target 'vivado'
Resolution: For help on HLS 200-1505 see docs.amd.com/access/sources/dita/topic?Doc_Version=2025.2%20English&url=ug1448-hls-guidance&resourceid=200-1505.html
INFO: [HLS 200-2174] Applying component config ini file hls_config.cfg
INFO: [HLS 200-1465] Applying config ini 'syn.file=conv2d.cpp' from hls_config.cfg(7)
INFO: [HLS 200-10] Adding design file 'C:/Users/Admin/Desktop/Bharat_ARM_Challenge/hls_component/conv2d.cpp' to the project
INFO: [HLS 200-1465] Applying config ini 'tb.file=conv2d_tb.cpp' from hls_config.cfg(8)
INFO: [HLS 200-10] Adding test bench file 'C:/Users/Admin/Desktop/Bharat_ARM_Challenge/hls_component/conv2d_tb.cpp' to the project
INFO: [HLS 200-1465] Applying config ini 'syn.top=conv2d' from hls_config.cfg(9)
INFO: [HLS 200-1465] Applying config ini 'flow_target=vivado' from hls_config.cfg(4)
INFO: [HLS 200-1505] Using flow_target 'vivado'
Resolution: For help on HLS 200-1505 see docs.amd.com/access/sources/dita/topic?Doc_Version=2025.2%20English&url=ug1448-hls-guidance&resourceid=200-1505.html
INFO: [HLS 200-1465] Applying config ini 'part=xc7z020clg484-1' from hls_config.cfg(1)
INFO: [HLS 200-1465] Applying config ini 'package.output.format=ip_catalog' from hls_config.cfg(5)
INFO: [HLS 200-2176] Writing Vitis IDE component file C:/Users/Admin/Desktop/Bharat_ARM_Challenge/hls_component/hls_component/vitis-comp.json
INFO: [COSIM 212-47] Using XSIM for RTL simulation.
INFO: [COSIM 212-14] Instrumenting C test bench ...
   Build using "C:/AMDDesignTools/2025.2/Vitis/win64/tools/clang-16/bin/clang++"
   Compiling apatb_conv2d.cpp
   Compiling conv2d.cpp_pre.cpp.tb.cpp
   Compiling conv2d_tb.cpp_pre.cpp.tb.cpp
   Compiling apatb_conv2d_ir.ll
   Generating cosim.tv.exe
INFO: [COSIM 212-302] Starting C TB testing ... 
ERROR: [COSIM 212-360] Aborting co-simulation: C TB simulation failed.
ERROR: [COSIM 212-320] C TB testing failed, stop generating test vectors. Please check C TB or re-run cosim.
ERROR: [COSIM 212-5] *** C/RTL co-simulation file generation failed. ***
ERROR: [COSIM 212-4] *** C/RTL co-simulation finished: FAIL ***
ERROR: 
INFO: [HLS 200-112] Total CPU user time: 2 seconds. Total CPU system time: 4 seconds. Total elapsed time: 15.88 seconds; peak allocated memory: 198.363 MB.
