

================================================================
== Vitis HLS Report for 'conv2d_Pipeline_VITIS_LOOP_155_26'
================================================================
* Date:           Tue Feb 17 12:08:18 2026

* Version:        2025.2 (Build 6295257 on Nov 14 2025)
* Project:        hls_component
* Solution:       hls (Vivado IP Flow Target)
* Product family: zynq
* Target device:  xc7z020-clg484-1


================================================================
== Performance Estimates
================================================================
+ Timing: 
    * Summary: 
    +--------+----------+----------+------------+
    |  Clock |  Target  | Estimated| Uncertainty|
    +--------+----------+----------+------------+
    |ap_clk  |  10.00 ns|  7.300 ns|     2.70 ns|
    +--------+----------+----------+------------+

+ Latency: 
    * Summary: 
    +---------+---------+-----------+-----------+-----+-----+-------------------+
    |  Latency (cycles) |   Latency (absolute)  |  Interval |      Pipeline     |
    |   min   |   max   |    min    |    max    | min | max |        Type       |
    +---------+---------+-----------+-----------+-----+-----+-------------------+
    |     2415|     2415|  24.150 us|  24.150 us|    0|    0|  loop pipeline stp|
    +---------+---------+-----------+-----------+-----+-----+-------------------+

    + Detail: 
        * Instance: 
        N/A

        * Loop: 
        +---------------------+---------+---------+----------+-----------+-----------+------+----------+
        |                     |  Latency (cycles) | Iteration|  Initiation Interval  | Trip |          |
        |      Loop Name      |   min   |   max   |  Latency |  achieved |   target  | Count| Pipelined|
        +---------------------+---------+---------+----------+-----------+-----------+------+----------+
        |- VITIS_LOOP_155_26  |     2413|     2413|        20|          6|          1|   400|       yes|
        +---------------------+---------+---------+----------+-----------+-----------+------+----------+



================================================================
== Utilization Estimates
================================================================
* Summary: 
+-----------------+---------+-----+--------+-------+-----+
|       Name      | BRAM_18K| DSP |   FF   |  LUT  | URAM|
+-----------------+---------+-----+--------+-------+-----+
|DSP              |        -|    -|       -|      -|    -|
|Expression       |        -|    -|       0|    162|    -|
|FIFO             |        -|    -|       -|      -|    -|
|Instance         |        -|    -|       -|      -|    -|
|Memory           |        -|    -|       -|      -|    -|
|Multiplexer      |        -|    -|       0|    136|    -|
|Register         |        -|    -|     322|     32|    -|
+-----------------+---------+-----+--------+-------+-----+
|Total            |        0|    0|     322|    330|    0|
+-----------------+---------+-----+--------+-------+-----+
|Available        |      280|  220|  106400|  53200|    0|
+-----------------+---------+-----+--------+-------+-----+
|Utilization (%)  |        0|    0|      ~0|     ~0|    0|
+-----------------+---------+-----+--------+-------+-----+

+ Detail: 
    * Instance: 
    N/A

    * DSP: 
    N/A

    * Memory: 
    N/A

    * FIFO: 
    N/A

    * Expression: 
    +---------------------------+----------+----+---+----+------------+------------+
    |       Variable Name       | Operation| DSP| FF| LUT| Bitwidth P0| Bitwidth P1|
    +---------------------------+----------+----+---+----+------------+------------+
    |add_ln155_fu_187_p2        |         +|   0|  0|  14|           9|           1|
    |add_ln156_1_fu_171_p2      |         +|   0|  0|  63|          63|          63|
    |add_ln156_fu_165_p2        |         +|   0|  0|  63|          63|          63|
    |ap_block_pp0_stage1_11001  |       and|   0|  0|   2|           1|           1|
    |ap_block_pp0_stage3_11001  |       and|   0|  0|   2|           1|           1|
    |ap_block_state2_io_grp1    |       and|   0|  0|   2|           1|           1|
    |icmp_ln155_fu_155_p2       |      icmp|   0|  0|  14|           9|           8|
    |ap_enable_pp0              |       xor|   0|  0|   2|           1|           2|
    +---------------------------+----------+----+---+----+------------+------------+
    |Total                      |          |   0|  0| 162|         148|         140|
    +---------------------------+----------+----+---+----+------------+------------+

    * Multiplexer: 
    +----------------------------------+----+-----------+-----+-----------+
    |               Name               | LUT| Input Size| Bits| Total Bits|
    +----------------------------------+----+-----------+-----+-----------+
    |ap_NS_fsm                         |  37|          7|    1|          7|
    |ap_done_int                       |   9|          2|    1|          2|
    |ap_enable_reg_pp0_iter0           |   9|          2|    1|          2|
    |ap_enable_reg_pp0_iter1           |   9|          2|    1|          2|
    |ap_enable_reg_pp0_iter3           |   9|          2|    1|          2|
    |ap_loop_exit_ready_pp0_iter1_reg  |   9|          2|    1|          2|
    |ap_loop_exit_ready_pp0_iter2_reg  |   9|          2|    1|          2|
    |ap_sig_allocacmp_i_1              |   9|          2|    9|         18|
    |gmem1_blk_n_AR                    |   9|          2|    1|          2|
    |gmem1_blk_n_R                     |   9|          2|    1|          2|
    |i_fu_72                           |   9|          2|    9|         18|
    |sum_fu_68                         |   9|          2|   32|         64|
    +----------------------------------+----+-----------+-----+-----------+
    |Total                             | 136|         29|   59|        123|
    +----------------------------------+----+-----------+-----+-----------+

    * Register: 
    +-------------------------------------------+----+----+-----+-----------+
    |                    Name                   | FF | LUT| Bits| Const Bits|
    +-------------------------------------------+----+----+-----+-----------+
    |ap_CS_fsm                                  |   6|   0|    6|          0|
    |ap_block_pp0_stage1_subdone_grp0_done_reg  |   1|   0|    1|          0|
    |ap_block_pp0_stage3_subdone_grp0_done_reg  |   1|   0|    1|          0|
    |ap_done_reg                                |   1|   0|    1|          0|
    |ap_enable_reg_pp0_iter0_reg                |   1|   0|    1|          0|
    |ap_enable_reg_pp0_iter1                    |   1|   0|    1|          0|
    |ap_enable_reg_pp0_iter2                    |   1|   0|    1|          0|
    |ap_enable_reg_pp0_iter3                    |   1|   0|    1|          0|
    |ap_loop_exit_ready_pp0_iter1_reg           |   1|   0|    1|          0|
    |ap_loop_exit_ready_pp0_iter2_reg           |   1|   0|    1|          0|
    |fc_in_load_reg_253                         |  32|   0|   32|          0|
    |gmem1_addr_read_reg_258                    |  32|   0|   32|          0|
    |gmem1_addr_reg_242                         |  64|   0|   64|          0|
    |i_1_reg_232                                |   9|   0|    9|          0|
    |i_fu_72                                    |   9|   0|    9|          0|
    |icmp_ln155_reg_238                         |   1|   0|    1|          0|
    |mul1_reg_268                               |  32|   0|   32|          0|
    |sum_11_reg_278                             |  32|   0|   32|          0|
    |sum_fu_68                                  |  32|   0|   32|          0|
    |icmp_ln155_reg_238                         |  64|  32|    1|          0|
    +-------------------------------------------+----+----+-----+-----------+
    |Total                                      | 322|  32|  259|          0|
    +-------------------------------------------+----+----+-----+-----------+



================================================================
== Interface
================================================================
* Summary: 
+------------------------+-----+-----+------------+-----------------------------------+--------------+
|        RTL Ports       | Dir | Bits|  Protocol  |           Source Object           |    C Type    |
+------------------------+-----+-----+------------+-----------------------------------+--------------+
|ap_clk                  |   in|    1|  ap_ctrl_hs|  conv2d_Pipeline_VITIS_LOOP_155_26|  return value|
|ap_rst                  |   in|    1|  ap_ctrl_hs|  conv2d_Pipeline_VITIS_LOOP_155_26|  return value|
|ap_start                |   in|    1|  ap_ctrl_hs|  conv2d_Pipeline_VITIS_LOOP_155_26|  return value|
|ap_done                 |  out|    1|  ap_ctrl_hs|  conv2d_Pipeline_VITIS_LOOP_155_26|  return value|
|ap_idle                 |  out|    1|  ap_ctrl_hs|  conv2d_Pipeline_VITIS_LOOP_155_26|  return value|
|ap_ready                |  out|    1|  ap_ctrl_hs|  conv2d_Pipeline_VITIS_LOOP_155_26|  return value|
|grp_fu_1035_p_din0      |  out|   32|  ap_ctrl_hs|  conv2d_Pipeline_VITIS_LOOP_155_26|  return value|
|grp_fu_1035_p_din1      |  out|   32|  ap_ctrl_hs|  conv2d_Pipeline_VITIS_LOOP_155_26|  return value|
|grp_fu_1035_p_opcode    |  out|    2|  ap_ctrl_hs|  conv2d_Pipeline_VITIS_LOOP_155_26|  return value|
|grp_fu_1035_p_dout0     |   in|   32|  ap_ctrl_hs|  conv2d_Pipeline_VITIS_LOOP_155_26|  return value|
|grp_fu_1035_p_ce        |  out|    1|  ap_ctrl_hs|  conv2d_Pipeline_VITIS_LOOP_155_26|  return value|
|grp_fu_1039_p_din0      |  out|   32|  ap_ctrl_hs|  conv2d_Pipeline_VITIS_LOOP_155_26|  return value|
|grp_fu_1039_p_din1      |  out|   32|  ap_ctrl_hs|  conv2d_Pipeline_VITIS_LOOP_155_26|  return value|
|grp_fu_1039_p_dout0     |   in|   32|  ap_ctrl_hs|  conv2d_Pipeline_VITIS_LOOP_155_26|  return value|
|grp_fu_1039_p_ce        |  out|    1|  ap_ctrl_hs|  conv2d_Pipeline_VITIS_LOOP_155_26|  return value|
|sum_19                  |   in|   32|     ap_none|                             sum_19|        scalar|
|m_axi_gmem1_0_AWVALID   |  out|    1|       m_axi|                              gmem1|       pointer|
|m_axi_gmem1_0_AWREADY   |   in|    1|       m_axi|                              gmem1|       pointer|
|m_axi_gmem1_0_AWADDR    |  out|   64|       m_axi|                              gmem1|       pointer|
|m_axi_gmem1_0_AWID      |  out|    1|       m_axi|                              gmem1|       pointer|
|m_axi_gmem1_0_AWLEN     |  out|   32|       m_axi|                              gmem1|       pointer|
|m_axi_gmem1_0_AWSIZE    |  out|    3|       m_axi|                              gmem1|       pointer|
|m_axi_gmem1_0_AWBURST   |  out|    2|       m_axi|                              gmem1|       pointer|
|m_axi_gmem1_0_AWLOCK    |  out|    2|       m_axi|                              gmem1|       pointer|
|m_axi_gmem1_0_AWCACHE   |  out|    4|       m_axi|                              gmem1|       pointer|
|m_axi_gmem1_0_AWPROT    |  out|    3|       m_axi|                              gmem1|       pointer|
|m_axi_gmem1_0_AWQOS     |  out|    4|       m_axi|                              gmem1|       pointer|
|m_axi_gmem1_0_AWREGION  |  out|    4|       m_axi|                              gmem1|       pointer|
|m_axi_gmem1_0_AWUSER    |  out|    1|       m_axi|                              gmem1|       pointer|
|m_axi_gmem1_0_WVALID    |  out|    1|       m_axi|                              gmem1|       pointer|
|m_axi_gmem1_0_WREADY    |   in|    1|       m_axi|                              gmem1|       pointer|
|m_axi_gmem1_0_WDATA     |  out|   32|       m_axi|                              gmem1|       pointer|
|m_axi_gmem1_0_WSTRB     |  out|    4|       m_axi|                              gmem1|       pointer|
|m_axi_gmem1_0_WLAST     |  out|    1|       m_axi|                              gmem1|       pointer|
|m_axi_gmem1_0_WID       |  out|    1|       m_axi|                              gmem1|       pointer|
|m_axi_gmem1_0_WUSER     |  out|    1|       m_axi|                              gmem1|       pointer|
|m_axi_gmem1_0_ARVALID   |  out|    1|       m_axi|                              gmem1|       pointer|
|m_axi_gmem1_0_ARREADY   |   in|    1|       m_axi|                              gmem1|       pointer|
|m_axi_gmem1_0_ARADDR    |  out|   64|       m_axi|                              gmem1|       pointer|
|m_axi_gmem1_0_ARID      |  out|    1|       m_axi|                              gmem1|       pointer|
|m_axi_gmem1_0_ARLEN     |  out|   32|       m_axi|                              gmem1|       pointer|
|m_axi_gmem1_0_ARSIZE    |  out|    3|       m_axi|                              gmem1|       pointer|
|m_axi_gmem1_0_ARBURST   |  out|    2|       m_axi|                              gmem1|       pointer|
|m_axi_gmem1_0_ARLOCK    |  out|    2|       m_axi|                              gmem1|       pointer|
|m_axi_gmem1_0_ARCACHE   |  out|    4|       m_axi|                              gmem1|       pointer|
|m_axi_gmem1_0_ARPROT    |  out|    3|       m_axi|                              gmem1|       pointer|
|m_axi_gmem1_0_ARQOS     |  out|    4|       m_axi|                              gmem1|       pointer|
|m_axi_gmem1_0_ARREGION  |  out|    4|       m_axi|                              gmem1|       pointer|
|m_axi_gmem1_0_ARUSER    |  out|    1|       m_axi|                              gmem1|       pointer|
|m_axi_gmem1_0_RVALID    |   in|    1|       m_axi|                              gmem1|       pointer|
|m_axi_gmem1_0_RREADY    |  out|    1|       m_axi|                              gmem1|       pointer|
|m_axi_gmem1_0_RDATA     |   in|   32|       m_axi|                              gmem1|       pointer|
|m_axi_gmem1_0_RLAST     |   in|    1|       m_axi|                              gmem1|       pointer|
|m_axi_gmem1_0_RID       |   in|    1|       m_axi|                              gmem1|       pointer|
|m_axi_gmem1_0_RFIFONUM  |   in|    9|       m_axi|                              gmem1|       pointer|
|m_axi_gmem1_0_RUSER     |   in|    1|       m_axi|                              gmem1|       pointer|
|m_axi_gmem1_0_RRESP     |   in|    2|       m_axi|                              gmem1|       pointer|
|m_axi_gmem1_0_BVALID    |   in|    1|       m_axi|                              gmem1|       pointer|
|m_axi_gmem1_0_BREADY    |  out|    1|       m_axi|                              gmem1|       pointer|
|m_axi_gmem1_0_BRESP     |   in|    2|       m_axi|                              gmem1|       pointer|
|m_axi_gmem1_0_BID       |   in|    1|       m_axi|                              gmem1|       pointer|
|m_axi_gmem1_0_BUSER     |   in|    1|       m_axi|                              gmem1|       pointer|
|fc_in_address0          |  out|    9|   ap_memory|                              fc_in|         array|
|fc_in_ce0               |  out|    1|   ap_memory|                              fc_in|         array|
|fc_in_q0                |   in|   32|   ap_memory|                              fc_in|         array|
|sext_ln151              |   in|   62|     ap_none|                         sext_ln151|        scalar|
|zext_ln153              |   in|   12|     ap_none|                         zext_ln153|        scalar|
|sum_15_out              |  out|   32|      ap_vld|                         sum_15_out|       pointer|
|sum_15_out_ap_vld       |  out|    1|      ap_vld|                         sum_15_out|       pointer|
+------------------------+-----+-----+------------+-----------------------------------+--------------+

