

================================================================
== Vitis HLS Report for 'conv2d_Pipeline_VITIS_LOOP_137_22_VITIS_LOOP_138_23_VITIS_LOOP_139_24'
================================================================
* Date:           Tue Feb 17 12:08:11 2026

* Version:        2025.2 (Build 6295257 on Nov 14 2025)
* Project:        hls_component
* Solution:       hls (Vivado IP Flow Target)
* Product family: zynq
* Target device:  xc7z020-clg484-1


================================================================
== Performance Estimates
================================================================
+ Timing: 
    * Summary: 
    +--------+----------+----------+------------+
    |  Clock |  Target  | Estimated| Uncertainty|
    +--------+----------+----------+------------+
    |ap_clk  |  10.00 ns|  7.279 ns|     2.70 ns|
    +--------+----------+----------+------------+

+ Latency: 
    * Summary: 
    +---------+---------+----------+----------+-----+-----+-------------------+
    |  Latency (cycles) |  Latency (absolute) |  Interval |      Pipeline     |
    |   min   |   max   |    min   |    max   | min | max |        Type       |
    +---------+---------+----------+----------+-----+-----+-------------------+
    |      404|      404|  4.040 us|  4.040 us|    0|    0|  loop pipeline stp|
    +---------+---------+----------+----------+-----+-----+-------------------+

    + Detail: 
        * Instance: 
        N/A

        * Loop: 
        +---------------------------------------------------------+---------+---------+----------+-----------+-----------+------+----------+
        |                                                         |  Latency (cycles) | Iteration|  Initiation Interval  | Trip |          |
        |                        Loop Name                        |   min   |   max   |  Latency |  achieved |   target  | Count| Pipelined|
        +---------------------------------------------------------+---------+---------+----------+-----------+-----------+------+----------+
        |- VITIS_LOOP_137_22_VITIS_LOOP_138_23_VITIS_LOOP_139_24  |      402|      402|         4|          1|          1|   400|       yes|
        +---------------------------------------------------------+---------+---------+----------+-----------+-----------+------+----------+

============================================================
+ Verbose Summary: Synthesis Manager
============================================================
InlineROM: 1
ExposeGlobal: 0
============================================================
+ Verbose Summary: CDFG Model
============================================================
IsTopModel: 0
ResetActiveHigh: 1
IsCombinational: 0
IsDatapathOnly: 0
HasWiredReturn: 1
HasMFsm: 2
HasVarLatency: 1
IsPipeline: 0
IsRtlPipelined: 0
IsInstanceOverlapped: 0
IsDontTouch: 0
HasImplIP: 0
IsGatedGlobalClock: 0

+ Individual pipeline summary: 
  * Pipeline-0: initiation interval (II) = 1, depth = 4


============================================================
+ Verbose Summary: Schedule
============================================================
* Number of FSM states : 4
* Pipeline : 1
  Pipeline-0 : II = 1, D = 4, States = { 1 2 3 4 }
* Dataflow Pipeline: 0

* FSM state transitions: 
1 --> 2 
2 --> 3 
3 --> 4 
4 --> 

* FSM state operations: 

State 1 <SV = 0> <Delay = 6.18>
ST_1 : Operation 7 [1/1] (0.00ns)   --->   "%j = alloca i32 1" [conv2d.cpp:139]   --->   Operation 7 'alloca' 'j' <Predicate = true> <Delay = 0.00>
ST_1 : Operation 8 [1/1] (0.00ns)   --->   "%idx_1 = alloca i32 1" [conv2d.cpp:136]   --->   Operation 8 'alloca' 'idx_1' <Predicate = true> <Delay = 0.00>
ST_1 : Operation 9 [1/1] (0.00ns)   --->   "%add_ln137_11 = alloca i32 1"   --->   Operation 9 'alloca' 'add_ln137_11' <Predicate = true> <Delay = 0.00>
ST_1 : Operation 10 [1/1] (0.00ns)   --->   "%idx = alloca i32 1" [conv2d.cpp:136]   --->   Operation 10 'alloca' 'idx' <Predicate = true> <Delay = 0.00>
ST_1 : Operation 11 [1/1] (0.00ns)   --->   "%add_ln1393 = alloca i32 1"   --->   Operation 11 'alloca' 'add_ln1393' <Predicate = true> <Delay = 0.00>
ST_1 : Operation 12 [1/1] (0.00ns)   --->   "%i = alloca i32 1" [conv2d.cpp:138]   --->   Operation 12 'alloca' 'i' <Predicate = true> <Delay = 0.00>
ST_1 : Operation 13 [1/1] (0.00ns)   --->   "%indvar_flatten133 = alloca i32 1"   --->   Operation 13 'alloca' 'indvar_flatten133' <Predicate = true> <Delay = 0.00>
ST_1 : Operation 14 [1/1] (0.00ns)   --->   "%c = alloca i32 1" [conv2d.cpp:137]   --->   Operation 14 'alloca' 'c' <Predicate = true> <Delay = 0.00>
ST_1 : Operation 15 [1/1] (0.00ns)   --->   "%indvars_iv172 = alloca i32 1"   --->   Operation 15 'alloca' 'indvars_iv172' <Predicate = true> <Delay = 0.00>
ST_1 : Operation 16 [1/1] (0.00ns)   --->   "%indvar_flatten151 = alloca i32 1"   --->   Operation 16 'alloca' 'indvar_flatten151' <Predicate = true> <Delay = 0.00>
ST_1 : Operation 17 [1/1] (1.58ns)   --->   "%store_ln0 = store i9 0, i9 %indvar_flatten151"   --->   Operation 17 'store' 'store_ln0' <Predicate = true> <Delay = 1.58>
ST_1 : Operation 18 [1/1] (1.58ns)   --->   "%store_ln0 = store i9 0, i9 %indvars_iv172"   --->   Operation 18 'store' 'store_ln0' <Predicate = true> <Delay = 1.58>
ST_1 : Operation 19 [1/1] (1.58ns)   --->   "%store_ln137 = store i5 0, i5 %c" [conv2d.cpp:137]   --->   Operation 19 'store' 'store_ln137' <Predicate = true> <Delay = 1.58>
ST_1 : Operation 20 [1/1] (1.58ns)   --->   "%store_ln0 = store i6 0, i6 %indvar_flatten133"   --->   Operation 20 'store' 'store_ln0' <Predicate = true> <Delay = 1.58>
ST_1 : Operation 21 [1/1] (1.58ns)   --->   "%store_ln138 = store i3 0, i3 %i" [conv2d.cpp:138]   --->   Operation 21 'store' 'store_ln138' <Predicate = true> <Delay = 1.58>
ST_1 : Operation 22 [1/1] (1.58ns)   --->   "%store_ln136 = store i9 0, i9 %idx" [conv2d.cpp:136]   --->   Operation 22 'store' 'store_ln136' <Predicate = true> <Delay = 1.58>
ST_1 : Operation 23 [1/1] (1.58ns)   --->   "%store_ln136 = store i9 0, i9 %idx_1" [conv2d.cpp:136]   --->   Operation 23 'store' 'store_ln136' <Predicate = true> <Delay = 1.58>
ST_1 : Operation 24 [1/1] (1.58ns)   --->   "%store_ln139 = store i3 0, i3 %j" [conv2d.cpp:139]   --->   Operation 24 'store' 'store_ln139' <Predicate = true> <Delay = 1.58>
ST_1 : Operation 25 [1/1] (0.00ns)   --->   "%br_ln0 = br void %for.inc304"   --->   Operation 25 'br' 'br_ln0' <Predicate = true> <Delay = 0.00>
ST_1 : Operation 26 [1/1] (0.00ns)   --->   "%indvar_flatten151_load = load i9 %indvar_flatten151" [conv2d.cpp:137]   --->   Operation 26 'load' 'indvar_flatten151_load' <Predicate = true> <Delay = 0.00>
ST_1 : Operation 27 [1/1] (1.82ns)   --->   "%icmp_ln137 = icmp_eq  i9 %indvar_flatten151_load, i9 400" [conv2d.cpp:137]   --->   Operation 27 'icmp' 'icmp_ln137' <Predicate = true> <Delay = 1.82> <CoreInst = "Cmp">   --->   Core 9 'Cmp' <Latency = 0> <II = 1> <Delay = 1.82> <FuncUnit> <Opcode : 'seteq' 'setne' 'setle' 'setge' 'setlt' 'setgt'> <InPorts = 2> <OutPorts = 1>
ST_1 : Operation 28 [1/1] (1.82ns)   --->   "%add_ln137_2 = add i9 %indvar_flatten151_load, i9 1" [conv2d.cpp:137]   --->   Operation 28 'add' 'add_ln137_2' <Predicate = true> <Delay = 1.82> <CoreInst = "Adder">   --->   Core 1 'Adder' <Latency = 0> <II = 1> <Delay = 1.82> <FuncUnit> <Opcode : 'add' 'sub'> <InPorts = 2> <OutPorts = 1>
ST_1 : Operation 29 [1/1] (0.00ns)   --->   "%br_ln137 = br i1 %icmp_ln137, void %for.inc310, void %VITIS_LOOP_151_25.exitStub" [conv2d.cpp:137]   --->   Operation 29 'br' 'br_ln137' <Predicate = true> <Delay = 0.00>
ST_1 : Operation 30 [1/1] (0.00ns)   --->   "%indvar_flatten133_load = load i6 %indvar_flatten133" [conv2d.cpp:138]   --->   Operation 30 'load' 'indvar_flatten133_load' <Predicate = (!icmp_ln137)> <Delay = 0.00>
ST_1 : Operation 31 [1/1] (1.82ns)   --->   "%icmp_ln138 = icmp_eq  i6 %indvar_flatten133_load, i6 25" [conv2d.cpp:138]   --->   Operation 31 'icmp' 'icmp_ln138' <Predicate = (!icmp_ln137)> <Delay = 1.82> <CoreInst = "Cmp">   --->   Core 9 'Cmp' <Latency = 0> <II = 1> <Delay = 1.82> <FuncUnit> <Opcode : 'seteq' 'setne' 'setle' 'setge' 'setlt' 'setgt'> <InPorts = 2> <OutPorts = 1>
ST_1 : Operation 32 [1/1] (1.82ns)   --->   "%add_ln138_1 = add i6 %indvar_flatten133_load, i6 1" [conv2d.cpp:138]   --->   Operation 32 'add' 'add_ln138_1' <Predicate = (!icmp_ln137)> <Delay = 1.82> <CoreInst = "Adder">   --->   Core 1 'Adder' <Latency = 0> <II = 1> <Delay = 1.82> <FuncUnit> <Opcode : 'add' 'sub'> <InPorts = 2> <OutPorts = 1>
ST_1 : Operation 33 [1/1] (1.18ns)   --->   "%select_ln138_2 = select i1 %icmp_ln138, i6 1, i6 %add_ln138_1" [conv2d.cpp:138]   --->   Operation 33 'select' 'select_ln138_2' <Predicate = (!icmp_ln137)> <Delay = 1.18> <CoreInst = "Sel">   --->   Core 73 'Sel' <Latency = 0> <II = 1> <Delay = 1.18> <FuncUnit> <Opcode : 'select'> <InPorts = 3> <OutPorts = 1>
ST_1 : Operation 34 [1/1] (1.58ns)   --->   "%store_ln137 = store i9 %add_ln137_2, i9 %indvar_flatten151" [conv2d.cpp:137]   --->   Operation 34 'store' 'store_ln137' <Predicate = (!icmp_ln137)> <Delay = 1.58>
ST_1 : Operation 35 [1/1] (1.58ns)   --->   "%store_ln138 = store i6 %select_ln138_2, i6 %indvar_flatten133" [conv2d.cpp:138]   --->   Operation 35 'store' 'store_ln138' <Predicate = (!icmp_ln137)> <Delay = 1.58>

State 2 <SV = 1> <Delay = 7.27>
ST_2 : Operation 36 [1/1] (0.00ns)   --->   "%j_load = load i3 %j" [conv2d.cpp:139]   --->   Operation 36 'load' 'j_load' <Predicate = true> <Delay = 0.00>
ST_2 : Operation 37 [1/1] (0.00ns)   --->   "%i_load = load i3 %i" [conv2d.cpp:137]   --->   Operation 37 'load' 'i_load' <Predicate = (!icmp_ln138)> <Delay = 0.00>
ST_2 : Operation 38 [1/1] (0.00ns)   --->   "%c_load = load i5 %c" [conv2d.cpp:137]   --->   Operation 38 'load' 'c_load' <Predicate = true> <Delay = 0.00>
ST_2 : Operation 39 [1/1] (1.78ns)   --->   "%add_ln137 = add i5 %c_load, i5 1" [conv2d.cpp:137]   --->   Operation 39 'add' 'add_ln137' <Predicate = (icmp_ln138)> <Delay = 1.78> <CoreInst = "Adder">   --->   Core 1 'Adder' <Latency = 0> <II = 1> <Delay = 1.78> <FuncUnit> <Opcode : 'add' 'sub'> <InPorts = 2> <OutPorts = 1>
ST_2 : Operation 40 [1/1] (0.98ns)   --->   "%select_ln137_1 = select i1 %icmp_ln138, i3 0, i3 %i_load" [conv2d.cpp:137]   --->   Operation 40 'select' 'select_ln137_1' <Predicate = true> <Delay = 0.98> <CoreInst = "Sel">   --->   Core 73 'Sel' <Latency = 0> <II = 1> <Delay = 0.98> <FuncUnit> <Opcode : 'select'> <InPorts = 3> <OutPorts = 1>
ST_2 : Operation 41 [1/1] (0.00ns) (grouped into LUT with out node and_ln137)   --->   "%xor_ln137 = xor i1 %icmp_ln138, i1 1" [conv2d.cpp:137]   --->   Operation 41 'xor' 'xor_ln137' <Predicate = true> <Delay = 0.00> <CoreInst = "LogicGate">   --->   Core 74 'LogicGate' <Latency = 0> <II = 1> <Delay = 0.97> <FuncUnit> <Opcode : 'and' 'or' 'xor'> <InPorts = 2> <OutPorts = 1>
ST_2 : Operation 42 [1/1] (1.65ns)   --->   "%icmp_ln139 = icmp_eq  i3 %j_load, i3 5" [conv2d.cpp:139]   --->   Operation 42 'icmp' 'icmp_ln139' <Predicate = true> <Delay = 1.65> <CoreInst = "Cmp">   --->   Core 9 'Cmp' <Latency = 0> <II = 1> <Delay = 1.65> <FuncUnit> <Opcode : 'seteq' 'setne' 'setle' 'setge' 'setlt' 'setgt'> <InPorts = 2> <OutPorts = 1>
ST_2 : Operation 43 [1/1] (0.97ns) (out node of the LUT)   --->   "%and_ln137 = and i1 %icmp_ln139, i1 %xor_ln137" [conv2d.cpp:137]   --->   Operation 43 'and' 'and_ln137' <Predicate = true> <Delay = 0.97> <CoreInst = "LogicGate">   --->   Core 74 'LogicGate' <Latency = 0> <II = 1> <Delay = 0.97> <FuncUnit> <Opcode : 'and' 'or' 'xor'> <InPorts = 2> <OutPorts = 1>
ST_2 : Operation 44 [1/1] (1.21ns)   --->   "%select_ln137_4 = select i1 %icmp_ln138, i5 %add_ln137, i5 %c_load" [conv2d.cpp:137]   --->   Operation 44 'select' 'select_ln137_4' <Predicate = true> <Delay = 1.21> <CoreInst = "Sel">   --->   Core 73 'Sel' <Latency = 0> <II = 1> <Delay = 1.21> <FuncUnit> <Opcode : 'select'> <InPorts = 3> <OutPorts = 1>
ST_2 : Operation 45 [1/1] (1.65ns)   --->   "%add_ln138 = add i3 %select_ln137_1, i3 1" [conv2d.cpp:138]   --->   Operation 45 'add' 'add_ln138' <Predicate = true> <Delay = 1.65> <CoreInst = "Adder">   --->   Core 1 'Adder' <Latency = 0> <II = 1> <Delay = 1.65> <FuncUnit> <Opcode : 'add' 'sub'> <InPorts = 2> <OutPorts = 1>
ST_2 : Operation 46 [1/1] (0.00ns) (grouped into LUT with out node j_4_mid2)   --->   "%empty = or i1 %and_ln137, i1 %icmp_ln138" [conv2d.cpp:137]   --->   Operation 46 'or' 'empty' <Predicate = true> <Delay = 0.00> <CoreInst = "LogicGate">   --->   Core 74 'LogicGate' <Latency = 0> <II = 1> <Delay = 0.97> <FuncUnit> <Opcode : 'and' 'or' 'xor'> <InPorts = 2> <OutPorts = 1>
ST_2 : Operation 47 [1/1] (0.98ns) (out node of the LUT)   --->   "%j_4_mid2 = select i1 %empty, i3 0, i3 %j_load" [conv2d.cpp:137]   --->   Operation 47 'select' 'j_4_mid2' <Predicate = true> <Delay = 0.98> <CoreInst = "Sel">   --->   Core 73 'Sel' <Latency = 0> <II = 1> <Delay = 0.98> <FuncUnit> <Opcode : 'select'> <InPorts = 3> <OutPorts = 1>
ST_2 : Operation 48 [1/1] (0.98ns)   --->   "%select_ln138_1 = select i1 %and_ln137, i3 %add_ln138, i3 %select_ln137_1" [conv2d.cpp:138]   --->   Operation 48 'select' 'select_ln138_1' <Predicate = true> <Delay = 0.98> <CoreInst = "Sel">   --->   Core 73 'Sel' <Latency = 0> <II = 1> <Delay = 0.98> <FuncUnit> <Opcode : 'select'> <InPorts = 3> <OutPorts = 1>
ST_2 : Operation 49 [1/1] (0.00ns)   --->   "%zext_ln140 = zext i5 %select_ln137_4" [conv2d.cpp:140]   --->   Operation 49 'zext' 'zext_ln140' <Predicate = true> <Delay = 0.00>
ST_2 : Operation 50 [1/1] (0.00ns)   --->   "%tmp = bitconcatenate i7 @_ssdm_op_BitConcatenate.i7.i5.i2, i5 %select_ln137_4, i2 0" [conv2d.cpp:140]   --->   Operation 50 'bitconcatenate' 'tmp' <Predicate = true> <Delay = 0.00>
ST_2 : Operation 51 [1/1] (0.00ns)   --->   "%zext_ln140_1 = zext i7 %tmp" [conv2d.cpp:140]   --->   Operation 51 'zext' 'zext_ln140_1' <Predicate = true> <Delay = 0.00>
ST_2 : Operation 52 [1/1] (0.00ns) (grouped into TernaryAdder)   --->   "%add_ln140_3 = add i8 %zext_ln140_1, i8 %zext_ln140" [conv2d.cpp:140]   --->   Operation 52 'add' 'add_ln140_3' <Predicate = true> <Delay = 0.00> <CoreInst = "TAddSub">   --->   Core 10 'TAddSub' <Latency = 0> <II = 1> <Delay = 1.84> <IPBlock> <Opcode : 'add' 'sub'> <InPorts = 3> <OutPorts = 1> <Sync> <CReg>
ST_2 : Operation 53 [1/1] (0.00ns)   --->   "%zext_ln140_2 = zext i3 %select_ln138_1" [conv2d.cpp:140]   --->   Operation 53 'zext' 'zext_ln140_2' <Predicate = true> <Delay = 0.00>
ST_2 : Operation 54 [1/1] (3.66ns) (root node of TernaryAdder)   --->   "%add_ln140_1 = add i8 %add_ln140_3, i8 %zext_ln140_2" [conv2d.cpp:140]   --->   Operation 54 'add' 'add_ln140_1' <Predicate = true> <Delay = 3.66> <CoreInst = "TAddSub">   --->   Core 10 'TAddSub' <Latency = 0> <II = 1> <Delay = 1.84> <IPBlock> <Opcode : 'add' 'sub'> <InPorts = 3> <OutPorts = 1> <Sync> <CReg>
ST_2 : Operation 55 [1/1] (0.00ns)   --->   "%trunc_ln140 = trunc i8 %add_ln140_1" [conv2d.cpp:140]   --->   Operation 55 'trunc' 'trunc_ln140' <Predicate = true> <Delay = 0.00>
ST_2 : Operation 56 [1/1] (1.65ns)   --->   "%add_ln139_1 = add i3 %j_4_mid2, i3 1" [conv2d.cpp:139]   --->   Operation 56 'add' 'add_ln139_1' <Predicate = true> <Delay = 1.65> <CoreInst = "Adder">   --->   Core 1 'Adder' <Latency = 0> <II = 1> <Delay = 1.65> <FuncUnit> <Opcode : 'add' 'sub'> <InPorts = 2> <OutPorts = 1>
ST_2 : Operation 57 [1/1] (1.58ns)   --->   "%store_ln137 = store i5 %select_ln137_4, i5 %c" [conv2d.cpp:137]   --->   Operation 57 'store' 'store_ln137' <Predicate = true> <Delay = 1.58>
ST_2 : Operation 58 [1/1] (1.58ns)   --->   "%store_ln138 = store i3 %select_ln138_1, i3 %i" [conv2d.cpp:138]   --->   Operation 58 'store' 'store_ln138' <Predicate = true> <Delay = 1.58>
ST_2 : Operation 59 [1/1] (1.58ns)   --->   "%store_ln139 = store i3 %add_ln139_1, i3 %j" [conv2d.cpp:139]   --->   Operation 59 'store' 'store_ln139' <Predicate = true> <Delay = 1.58>

State 3 <SV = 2> <Delay = 6.95>
ST_3 : Operation 60 [1/1] (0.00ns)   --->   "%zext_ln139 = zext i8 %add_ln140_1" [conv2d.cpp:139]   --->   Operation 60 'zext' 'zext_ln139' <Predicate = true> <Delay = 0.00>
ST_3 : Operation 61 [1/1] (0.00ns)   --->   "%p_shl = bitconcatenate i9 @_ssdm_op_BitConcatenate.i9.i7.i2, i7 %trunc_ln140, i2 0" [conv2d.cpp:139]   --->   Operation 61 'bitconcatenate' 'p_shl' <Predicate = true> <Delay = 0.00>
ST_3 : Operation 62 [1/1] (0.00ns) (grouped into TernaryAdder)   --->   "%add_ln139_2 = add i9 %p_shl, i9 %zext_ln139" [conv2d.cpp:139]   --->   Operation 62 'add' 'add_ln139_2' <Predicate = true> <Delay = 0.00> <CoreInst = "TAddSub">   --->   Core 10 'TAddSub' <Latency = 0> <II = 1> <Delay = 1.84> <IPBlock> <Opcode : 'add' 'sub'> <InPorts = 3> <OutPorts = 1> <Sync> <CReg>
ST_3 : Operation 63 [1/1] (0.00ns)   --->   "%zext_ln140_3 = zext i3 %j_4_mid2" [conv2d.cpp:140]   --->   Operation 63 'zext' 'zext_ln140_3' <Predicate = true> <Delay = 0.00>
ST_3 : Operation 64 [1/1] (3.69ns) (root node of TernaryAdder)   --->   "%add_ln140_2 = add i9 %add_ln139_2, i9 %zext_ln140_3" [conv2d.cpp:140]   --->   Operation 64 'add' 'add_ln140_2' <Predicate = true> <Delay = 3.69> <CoreInst = "TAddSub">   --->   Core 10 'TAddSub' <Latency = 0> <II = 1> <Delay = 1.84> <IPBlock> <Opcode : 'add' 'sub'> <InPorts = 3> <OutPorts = 1> <Sync> <CReg>
ST_3 : Operation 65 [1/1] (0.00ns)   --->   "%zext_ln140_4 = zext i9 %add_ln140_2" [conv2d.cpp:140]   --->   Operation 65 'zext' 'zext_ln140_4' <Predicate = true> <Delay = 0.00>
ST_3 : Operation 66 [1/1] (0.00ns)   --->   "%pool2_out_addr = getelementptr i32 %pool2_out, i64 0, i64 %zext_ln140_4" [conv2d.cpp:140]   --->   Operation 66 'getelementptr' 'pool2_out_addr' <Predicate = true> <Delay = 0.00>
ST_3 : Operation 67 [2/2] (3.25ns)   --->   "%pool2_out_load = load i9 %pool2_out_addr" [conv2d.cpp:140]   --->   Operation 67 'load' 'pool2_out_load' <Predicate = true> <Delay = 3.25> <CoreInst = "RAM">   --->   Core 81 'RAM' <Latency = 1> <II = 1> <Delay = 3.25> <Storage> <Opcode : 'load' 'store'> <Ports = 2> <Width = 32> <Depth = 400> <RAM>
ST_3 : Operation 94 [1/1] (1.58ns)   --->   "%ret_ln0 = ret"   --->   Operation 94 'ret' 'ret_ln0' <Predicate = (icmp_ln137)> <Delay = 1.58>

State 4 <SV = 3> <Delay = 6.50>
ST_4 : Operation 68 [1/1] (0.00ns)   --->   "%idx_1_load = load i9 %idx_1" [conv2d.cpp:137]   --->   Operation 68 'load' 'idx_1_load' <Predicate = (!icmp_ln138 & !and_ln137)> <Delay = 0.00>
ST_4 : Operation 69 [1/1] (0.00ns)   --->   "%add_ln137_11_load = load i9 %add_ln137_11" [conv2d.cpp:137]   --->   Operation 69 'load' 'add_ln137_11_load' <Predicate = true> <Delay = 0.00>
ST_4 : Operation 70 [1/1] (0.00ns)   --->   "%idx_load = load i9 %idx" [conv2d.cpp:137]   --->   Operation 70 'load' 'idx_load' <Predicate = (!icmp_ln138 & !and_ln137)> <Delay = 0.00>
ST_4 : Operation 71 [1/1] (0.00ns)   --->   "%add_ln1393_load = load i9 %add_ln1393"   --->   Operation 71 'load' 'add_ln1393_load' <Predicate = true> <Delay = 0.00>
ST_4 : Operation 72 [1/1] (0.00ns)   --->   "%indvars_iv172_load = load i9 %indvars_iv172" [conv2d.cpp:137]   --->   Operation 72 'load' 'indvars_iv172_load' <Predicate = (!icmp_ln138)> <Delay = 0.00>
ST_4 : Operation 73 [1/1] (0.00ns)   --->   "%specloopname_ln0 = specloopname void @_ssdm_op_SpecLoopName, void @VITIS_LOOP_137_22_VITIS_LOOP_138_23_VITIS_LOOP_139_24_str"   --->   Operation 73 'specloopname' 'specloopname_ln0' <Predicate = true> <Delay = 0.00>
ST_4 : Operation 74 [1/1] (0.00ns)   --->   "%speclooptripcount_ln0 = speclooptripcount void @_ssdm_op_SpecLoopTripCount, i64 400, i64 400, i64 400"   --->   Operation 74 'speclooptripcount' 'speclooptripcount_ln0' <Predicate = true> <Delay = 0.00>
ST_4 : Operation 75 [1/1] (0.00ns) (grouped into LUT with out node select_ln138)   --->   "%select_ln137 = select i1 %icmp_ln138, i9 %add_ln137_11_load, i9 %idx_load" [conv2d.cpp:137]   --->   Operation 75 'select' 'select_ln137' <Predicate = (!and_ln137)> <Delay = 0.00> <CoreInst = "Sel">   --->   Core 73 'Sel' <Latency = 0> <II = 1> <Delay = 0.96> <FuncUnit> <Opcode : 'select'> <InPorts = 3> <OutPorts = 1>
ST_4 : Operation 76 [1/1] (0.00ns) (grouped into LUT with out node idx_1_mid2)   --->   "%select_ln137_2 = select i1 %icmp_ln138, i9 %add_ln137_11_load, i9 %idx_1_load" [conv2d.cpp:137]   --->   Operation 76 'select' 'select_ln137_2' <Predicate = (!and_ln137)> <Delay = 0.00> <CoreInst = "Sel">   --->   Core 73 'Sel' <Latency = 0> <II = 1> <Delay = 0.96> <FuncUnit> <Opcode : 'select'> <InPorts = 3> <OutPorts = 1>
ST_4 : Operation 77 [1/1] (0.96ns)   --->   "%select_ln137_3 = select i1 %icmp_ln138, i9 %add_ln137_11_load, i9 %indvars_iv172_load" [conv2d.cpp:137]   --->   Operation 77 'select' 'select_ln137_3' <Predicate = true> <Delay = 0.96> <CoreInst = "Sel">   --->   Core 73 'Sel' <Latency = 0> <II = 1> <Delay = 0.96> <FuncUnit> <Opcode : 'select'> <InPorts = 3> <OutPorts = 1>
ST_4 : Operation 78 [1/1] (0.96ns) (out node of the LUT)   --->   "%idx_1_mid2 = select i1 %and_ln137, i9 %add_ln1393_load, i9 %select_ln137_2" [conv2d.cpp:137]   --->   Operation 78 'select' 'idx_1_mid2' <Predicate = true> <Delay = 0.96> <CoreInst = "Sel">   --->   Core 73 'Sel' <Latency = 0> <II = 1> <Delay = 0.96> <FuncUnit> <Opcode : 'select'> <InPorts = 3> <OutPorts = 1>
ST_4 : Operation 79 [1/1] (0.96ns) (out node of the LUT)   --->   "%select_ln138 = select i1 %and_ln137, i9 %add_ln1393_load, i9 %select_ln137" [conv2d.cpp:138]   --->   Operation 79 'select' 'select_ln138' <Predicate = true> <Delay = 0.96> <CoreInst = "Sel">   --->   Core 73 'Sel' <Latency = 0> <II = 1> <Delay = 0.96> <FuncUnit> <Opcode : 'select'> <InPorts = 3> <OutPorts = 1>
ST_4 : Operation 80 [1/1] (0.00ns)   --->   "%zext_ln139_1 = zext i9 %idx_1_mid2" [conv2d.cpp:139]   --->   Operation 80 'zext' 'zext_ln139_1' <Predicate = true> <Delay = 0.00>
ST_4 : Operation 81 [1/1] (0.00ns)   --->   "%specpipeline_ln136 = specpipeline void @_ssdm_op_SpecPipeline, i32 4294967295, i32 0, i32 0, i32 0, i32 4294967295, void @empty_17" [conv2d.cpp:136]   --->   Operation 81 'specpipeline' 'specpipeline_ln136' <Predicate = true> <Delay = 0.00>
ST_4 : Operation 82 [1/2] ( I:3.25ns O:3.25ns )   --->   "%pool2_out_load = load i9 %pool2_out_addr" [conv2d.cpp:140]   --->   Operation 82 'load' 'pool2_out_load' <Predicate = true> <Delay = 3.25> <CoreInst = "RAM">   --->   Core 81 'RAM' <Latency = 1> <II = 1> <Delay = 3.25> <Storage> <Opcode : 'load' 'store'> <Ports = 2> <Width = 32> <Depth = 400> <RAM>
ST_4 : Operation 83 [1/1] (1.82ns)   --->   "%add_ln140 = add i9 %idx_1_mid2, i9 1" [conv2d.cpp:140]   --->   Operation 83 'add' 'add_ln140' <Predicate = true> <Delay = 1.82> <CoreInst = "Adder">   --->   Core 1 'Adder' <Latency = 0> <II = 1> <Delay = 1.82> <FuncUnit> <Opcode : 'add' 'sub'> <InPorts = 2> <OutPorts = 1>
ST_4 : Operation 84 [1/1] (0.00ns)   --->   "%fc_in_addr = getelementptr i32 %fc_in, i64 0, i64 %zext_ln139_1" [conv2d.cpp:140]   --->   Operation 84 'getelementptr' 'fc_in_addr' <Predicate = true> <Delay = 0.00>
ST_4 : Operation 85 [1/1] ( I:3.25ns O:3.25ns )   --->   "%store_ln140 = store i32 %pool2_out_load, i9 %fc_in_addr" [conv2d.cpp:140]   --->   Operation 85 'store' 'store_ln140' <Predicate = true> <Delay = 3.25> <CoreInst = "RAM">   --->   Core 81 'RAM' <Latency = 1> <II = 1> <Delay = 3.25> <Storage> <Opcode : 'load' 'store'> <Ports = 2> <Width = 32> <Depth = 400> <RAM>
ST_4 : Operation 86 [1/1] (1.82ns)   --->   "%add_ln139 = add i9 %select_ln138, i9 5" [conv2d.cpp:139]   --->   Operation 86 'add' 'add_ln139' <Predicate = true> <Delay = 1.82> <CoreInst = "Adder">   --->   Core 1 'Adder' <Latency = 0> <II = 1> <Delay = 1.82> <FuncUnit> <Opcode : 'add' 'sub'> <InPorts = 2> <OutPorts = 1>
ST_4 : Operation 87 [1/1] (1.82ns)   --->   "%add_ln137_1 = add i9 %select_ln137_3, i9 25" [conv2d.cpp:137]   --->   Operation 87 'add' 'add_ln137_1' <Predicate = true> <Delay = 1.82> <CoreInst = "Adder">   --->   Core 1 'Adder' <Latency = 0> <II = 1> <Delay = 1.82> <FuncUnit> <Opcode : 'add' 'sub'> <InPorts = 2> <OutPorts = 1>
ST_4 : Operation 88 [1/1] (1.58ns)   --->   "%store_ln137 = store i9 %select_ln137_3, i9 %indvars_iv172" [conv2d.cpp:137]   --->   Operation 88 'store' 'store_ln137' <Predicate = true> <Delay = 1.58>
ST_4 : Operation 89 [1/1] (0.00ns)   --->   "%store_ln139 = store i9 %add_ln139, i9 %add_ln1393" [conv2d.cpp:139]   --->   Operation 89 'store' 'store_ln139' <Predicate = true> <Delay = 0.00>
ST_4 : Operation 90 [1/1] (1.58ns)   --->   "%store_ln136 = store i9 %select_ln138, i9 %idx" [conv2d.cpp:136]   --->   Operation 90 'store' 'store_ln136' <Predicate = true> <Delay = 1.58>
ST_4 : Operation 91 [1/1] (0.00ns)   --->   "%store_ln137 = store i9 %add_ln137_1, i9 %add_ln137_11" [conv2d.cpp:137]   --->   Operation 91 'store' 'store_ln137' <Predicate = true> <Delay = 0.00>
ST_4 : Operation 92 [1/1] (1.58ns)   --->   "%store_ln136 = store i9 %add_ln140, i9 %idx_1" [conv2d.cpp:136]   --->   Operation 92 'store' 'store_ln136' <Predicate = true> <Delay = 1.58>
ST_4 : Operation 93 [1/1] (0.00ns)   --->   "%br_ln139 = br void %for.inc304" [conv2d.cpp:139]   --->   Operation 93 'br' 'br_ln139' <Predicate = true> <Delay = 0.00>


============================================================
+ Verbose Summary: Binding
============================================================
STG Binding: 
---------------- STG Properties BEGIN ----------------
- Is combinational: 0
- Is one-state seq: 0
- Is datapath-only: 0
- Is pipelined: 0
- Is top level: 0
Port [ Return ] is wired: 1; IO mode=ap_ctrl_hs:ce=0
Port [ pool2_out]:  wired=1; compound=1; hidden=0; nouse=0; global=0; static=0; extern=0; dir=0; type=1; pingpong=0; private_global=0; MemPort=[13]; IO mode=ap_memory:ce=0
Port [ fc_in]:  wired=1; compound=1; hidden=0; nouse=0; global=0; static=0; extern=0; dir=1; type=1; pingpong=0; private_global=0; MemPort=[03]; IO mode=ap_memory:ce=0
---------------- STG Properties END ------------------

---------------- Datapath Model BEGIN ----------------

<LifeTime>
<method=bitvector/>
j                      (alloca           ) [ 01100]
idx_1                  (alloca           ) [ 01111]
add_ln137_11           (alloca           ) [ 01111]
idx                    (alloca           ) [ 01111]
add_ln1393             (alloca           ) [ 01111]
i                      (alloca           ) [ 01100]
indvar_flatten133      (alloca           ) [ 01000]
c                      (alloca           ) [ 01100]
indvars_iv172          (alloca           ) [ 01111]
indvar_flatten151      (alloca           ) [ 01000]
store_ln0              (store            ) [ 00000]
store_ln0              (store            ) [ 00000]
store_ln137            (store            ) [ 00000]
store_ln0              (store            ) [ 00000]
store_ln138            (store            ) [ 00000]
store_ln136            (store            ) [ 00000]
store_ln136            (store            ) [ 00000]
store_ln139            (store            ) [ 00000]
br_ln0                 (br               ) [ 00000]
indvar_flatten151_load (load             ) [ 00000]
icmp_ln137             (icmp             ) [ 01110]
add_ln137_2            (add              ) [ 00000]
br_ln137               (br               ) [ 00000]
indvar_flatten133_load (load             ) [ 00000]
icmp_ln138             (icmp             ) [ 01111]
add_ln138_1            (add              ) [ 00000]
select_ln138_2         (select           ) [ 00000]
store_ln137            (store            ) [ 00000]
store_ln138            (store            ) [ 00000]
j_load                 (load             ) [ 00000]
i_load                 (load             ) [ 00000]
c_load                 (load             ) [ 00000]
add_ln137              (add              ) [ 00000]
select_ln137_1         (select           ) [ 00000]
xor_ln137              (xor              ) [ 00000]
icmp_ln139             (icmp             ) [ 00000]
and_ln137              (and              ) [ 01011]
select_ln137_4         (select           ) [ 00000]
add_ln138              (add              ) [ 00000]
empty                  (or               ) [ 00000]
j_4_mid2               (select           ) [ 01010]
select_ln138_1         (select           ) [ 00000]
zext_ln140             (zext             ) [ 00000]
tmp                    (bitconcatenate   ) [ 00000]
zext_ln140_1           (zext             ) [ 00000]
add_ln140_3            (add              ) [ 00000]
zext_ln140_2           (zext             ) [ 00000]
add_ln140_1            (add              ) [ 01010]
trunc_ln140            (trunc            ) [ 01010]
add_ln139_1            (add              ) [ 00000]
store_ln137            (store            ) [ 00000]
store_ln138            (store            ) [ 00000]
store_ln139            (store            ) [ 00000]
zext_ln139             (zext             ) [ 00000]
p_shl                  (bitconcatenate   ) [ 00000]
add_ln139_2            (add              ) [ 00000]
zext_ln140_3           (zext             ) [ 00000]
add_ln140_2            (add              ) [ 00000]
zext_ln140_4           (zext             ) [ 00000]
pool2_out_addr         (getelementptr    ) [ 01001]
idx_1_load             (load             ) [ 00000]
add_ln137_11_load      (load             ) [ 00000]
idx_load               (load             ) [ 00000]
add_ln1393_load        (load             ) [ 00000]
indvars_iv172_load     (load             ) [ 00000]
specloopname_ln0       (specloopname     ) [ 00000]
speclooptripcount_ln0  (speclooptripcount) [ 00000]
select_ln137           (select           ) [ 00000]
select_ln137_2         (select           ) [ 00000]
select_ln137_3         (select           ) [ 00000]
idx_1_mid2             (select           ) [ 00000]
select_ln138           (select           ) [ 00000]
zext_ln139_1           (zext             ) [ 00000]
specpipeline_ln136     (specpipeline     ) [ 00000]
pool2_out_load         (load             ) [ 00000]
add_ln140              (add              ) [ 00000]
fc_in_addr             (getelementptr    ) [ 00000]
store_ln140            (store            ) [ 00000]
add_ln139              (add              ) [ 00000]
add_ln137_1            (add              ) [ 00000]
store_ln137            (store            ) [ 00000]
store_ln139            (store            ) [ 00000]
store_ln136            (store            ) [ 00000]
store_ln137            (store            ) [ 00000]
store_ln136            (store            ) [ 00000]
br_ln139               (br               ) [ 00000]
ret_ln0                (ret              ) [ 00000]
</LifeTime>

<model>

<comp_list>
<comp id="0" class="1000" name="pool2_out">
<pin_list>
<pin id="1" dir="1" index="0" bw="1" slack="0"/>
</pin_list>
<bind>
<StgValue><ssdm name="pool2_out"/><MemPortTyVec>1 3 </MemPortTyVec>
</StgValue>
</bind>
</comp>

<comp id="2" class="1000" name="fc_in">
<pin_list>
<pin id="3" dir="1" index="0" bw="1" slack="0"/>
</pin_list>
<bind>
<StgValue><ssdm name="fc_in"/><MemPortTyVec>0 3 </MemPortTyVec>
</StgValue>
</bind>
</comp>

<comp id="4" class="1001" name="const_4">
<pin_list>
<pin id="5" dir="1" index="0" bw="1" slack="0"/>
</pin_list>
<bind>
<StgValue><ssdm name=""/></StgValue>
</bind>
</comp>

<comp id="6" class="1001" name="const_6">
<pin_list>
<pin id="7" dir="1" index="0" bw="1" slack="0"/>
</pin_list>
<bind>
<StgValue><ssdm name=""/></StgValue>
</bind>
</comp>

<comp id="8" class="1001" name="const_8">
<pin_list>
<pin id="9" dir="1" index="0" bw="1" slack="0"/>
</pin_list>
<bind>
<StgValue><ssdm name=""/></StgValue>
</bind>
</comp>

<comp id="10" class="1001" name="const_10">
<pin_list>
<pin id="11" dir="1" index="0" bw="1" slack="0"/>
</pin_list>
<bind>
<StgValue><ssdm name=""/></StgValue>
</bind>
</comp>

<comp id="12" class="1001" name="const_12">
<pin_list>
<pin id="13" dir="1" index="0" bw="1" slack="0"/>
</pin_list>
<bind>
<StgValue><ssdm name=""/></StgValue>
</bind>
</comp>

<comp id="14" class="1001" name="const_14">
<pin_list>
<pin id="15" dir="1" index="0" bw="1" slack="0"/>
</pin_list>
<bind>
<StgValue><ssdm name=""/></StgValue>
</bind>
</comp>

<comp id="16" class="1001" name="const_16">
<pin_list>
<pin id="17" dir="1" index="0" bw="1" slack="0"/>
</pin_list>
<bind>
<StgValue><ssdm name=""/></StgValue>
</bind>
</comp>

<comp id="18" class="1001" name="const_18">
<pin_list>
<pin id="19" dir="1" index="0" bw="1" slack="0"/>
</pin_list>
<bind>
<StgValue><ssdm name=""/></StgValue>
</bind>
</comp>

<comp id="20" class="1001" name="const_20">
<pin_list>
<pin id="21" dir="1" index="0" bw="1" slack="0"/>
</pin_list>
<bind>
<StgValue><ssdm name=""/></StgValue>
</bind>
</comp>

<comp id="22" class="1001" name="const_22">
<pin_list>
<pin id="23" dir="1" index="0" bw="1" slack="0"/>
</pin_list>
<bind>
<StgValue><ssdm name=""/></StgValue>
</bind>
</comp>

<comp id="24" class="1001" name="const_24">
<pin_list>
<pin id="25" dir="1" index="0" bw="1" slack="0"/>
</pin_list>
<bind>
<StgValue><ssdm name=""/></StgValue>
</bind>
</comp>

<comp id="26" class="1001" name="const_26">
<pin_list>
<pin id="27" dir="1" index="0" bw="1" slack="0"/>
</pin_list>
<bind>
<StgValue><ssdm name=""/></StgValue>
</bind>
</comp>

<comp id="28" class="1001" name="const_28">
<pin_list>
<pin id="29" dir="1" index="0" bw="1" slack="0"/>
</pin_list>
<bind>
<StgValue><ssdm name=""/></StgValue>
</bind>
</comp>

<comp id="30" class="1001" name="const_30">
<pin_list>
<pin id="31" dir="1" index="0" bw="1" slack="0"/>
</pin_list>
<bind>
<StgValue><ssdm name="_ssdm_op_BitConcatenate.i7.i5.i2"/></StgValue>
</bind>
</comp>

<comp id="32" class="1001" name="const_32">
<pin_list>
<pin id="33" dir="1" index="0" bw="1" slack="0"/>
</pin_list>
<bind>
<StgValue><ssdm name=""/></StgValue>
</bind>
</comp>

<comp id="34" class="1001" name="const_34">
<pin_list>
<pin id="35" dir="1" index="0" bw="1" slack="0"/>
</pin_list>
<bind>
<StgValue><ssdm name="_ssdm_op_BitConcatenate.i9.i7.i2"/></StgValue>
</bind>
</comp>

<comp id="36" class="1001" name="const_36">
<pin_list>
<pin id="37" dir="1" index="0" bw="1" slack="0"/>
</pin_list>
<bind>
<StgValue><ssdm name=""/></StgValue>
</bind>
</comp>

<comp id="38" class="1001" name="const_38">
<pin_list>
<pin id="39" dir="1" index="0" bw="1" slack="2147483647"/>
</pin_list>
<bind>
<StgValue><ssdm name="_ssdm_op_SpecLoopName"/></StgValue>
</bind>
</comp>

<comp id="40" class="1001" name="const_40">
<pin_list>
<pin id="41" dir="1" index="0" bw="1" slack="2147483647"/>
</pin_list>
<bind>
<StgValue><ssdm name="VITIS_LOOP_137_22_VITIS_LOOP_138_23_VITIS_LOOP_139_24_str"/></StgValue>
</bind>
</comp>

<comp id="42" class="1001" name="const_42">
<pin_list>
<pin id="43" dir="1" index="0" bw="1" slack="2147483647"/>
</pin_list>
<bind>
<StgValue><ssdm name="_ssdm_op_SpecLoopTripCount"/></StgValue>
</bind>
</comp>

<comp id="44" class="1001" name="const_44">
<pin_list>
<pin id="45" dir="1" index="0" bw="1" slack="2147483647"/>
</pin_list>
<bind>
<StgValue><ssdm name=""/></StgValue>
</bind>
</comp>

<comp id="46" class="1001" name="const_46">
<pin_list>
<pin id="47" dir="1" index="0" bw="1" slack="2147483647"/>
</pin_list>
<bind>
<StgValue><ssdm name="_ssdm_op_SpecPipeline"/></StgValue>
</bind>
</comp>

<comp id="48" class="1001" name="const_48">
<pin_list>
<pin id="49" dir="1" index="0" bw="1" slack="2147483647"/>
</pin_list>
<bind>
<StgValue><ssdm name=""/></StgValue>
</bind>
</comp>

<comp id="50" class="1001" name="const_50">
<pin_list>
<pin id="51" dir="1" index="0" bw="1" slack="2147483647"/>
</pin_list>
<bind>
<StgValue><ssdm name=""/></StgValue>
</bind>
</comp>

<comp id="52" class="1001" name="const_52">
<pin_list>
<pin id="53" dir="1" index="0" bw="1" slack="2147483647"/>
</pin_list>
<bind>
<StgValue><ssdm name="empty_17"/></StgValue>
</bind>
</comp>

<comp id="54" class="1001" name="const_54">
<pin_list>
<pin id="55" dir="1" index="0" bw="1" slack="0"/>
</pin_list>
<bind>
<StgValue><ssdm name=""/></StgValue>
</bind>
</comp>

<comp id="56" class="1001" name="const_56">
<pin_list>
<pin id="57" dir="1" index="0" bw="1" slack="0"/>
</pin_list>
<bind>
<StgValue><ssdm name=""/></StgValue>
</bind>
</comp>

<comp id="58" class="1004" name="j_fu_58">
<pin_list>
<pin id="59" dir="0" index="0" bw="1" slack="0"/>
<pin id="60" dir="1" index="1" bw="3" slack="0"/>
</pin_list>
<bind>
<opcode="alloca(26) " fcode="alloca"/>
<opset="j/1 "/>
</bind>
</comp>

<comp id="62" class="1004" name="idx_1_fu_62">
<pin_list>
<pin id="63" dir="0" index="0" bw="1" slack="0"/>
<pin id="64" dir="1" index="1" bw="9" slack="0"/>
</pin_list>
<bind>
<opcode="alloca(26) " fcode="alloca"/>
<opset="idx_1/1 "/>
</bind>
</comp>

<comp id="66" class="1004" name="add_ln137_11_fu_66">
<pin_list>
<pin id="67" dir="0" index="0" bw="1" slack="0"/>
<pin id="68" dir="1" index="1" bw="9" slack="3"/>
</pin_list>
<bind>
<opcode="alloca(26) " fcode="alloca"/>
<opset="add_ln137_11/1 "/>
</bind>
</comp>

<comp id="70" class="1004" name="idx_fu_70">
<pin_list>
<pin id="71" dir="0" index="0" bw="1" slack="0"/>
<pin id="72" dir="1" index="1" bw="9" slack="0"/>
</pin_list>
<bind>
<opcode="alloca(26) " fcode="alloca"/>
<opset="idx/1 "/>
</bind>
</comp>

<comp id="74" class="1004" name="add_ln1393_fu_74">
<pin_list>
<pin id="75" dir="0" index="0" bw="1" slack="0"/>
<pin id="76" dir="1" index="1" bw="9" slack="3"/>
</pin_list>
<bind>
<opcode="alloca(26) " fcode="alloca"/>
<opset="add_ln1393/1 "/>
</bind>
</comp>

<comp id="78" class="1004" name="i_fu_78">
<pin_list>
<pin id="79" dir="0" index="0" bw="1" slack="0"/>
<pin id="80" dir="1" index="1" bw="3" slack="0"/>
</pin_list>
<bind>
<opcode="alloca(26) " fcode="alloca"/>
<opset="i/1 "/>
</bind>
</comp>

<comp id="82" class="1004" name="indvar_flatten133_fu_82">
<pin_list>
<pin id="83" dir="0" index="0" bw="1" slack="0"/>
<pin id="84" dir="1" index="1" bw="6" slack="0"/>
</pin_list>
<bind>
<opcode="alloca(26) " fcode="alloca"/>
<opset="indvar_flatten133/1 "/>
</bind>
</comp>

<comp id="86" class="1004" name="c_fu_86">
<pin_list>
<pin id="87" dir="0" index="0" bw="1" slack="0"/>
<pin id="88" dir="1" index="1" bw="5" slack="0"/>
</pin_list>
<bind>
<opcode="alloca(26) " fcode="alloca"/>
<opset="c/1 "/>
</bind>
</comp>

<comp id="90" class="1004" name="indvars_iv172_fu_90">
<pin_list>
<pin id="91" dir="0" index="0" bw="1" slack="0"/>
<pin id="92" dir="1" index="1" bw="9" slack="0"/>
</pin_list>
<bind>
<opcode="alloca(26) " fcode="alloca"/>
<opset="indvars_iv172/1 "/>
</bind>
</comp>

<comp id="94" class="1004" name="indvar_flatten151_fu_94">
<pin_list>
<pin id="95" dir="0" index="0" bw="1" slack="0"/>
<pin id="96" dir="1" index="1" bw="9" slack="0"/>
</pin_list>
<bind>
<opcode="alloca(26) " fcode="alloca"/>
<opset="indvar_flatten151/1 "/>
</bind>
</comp>

<comp id="98" class="1004" name="pool2_out_addr_gep_fu_98">
<pin_list>
<pin id="99" dir="0" index="0" bw="32" slack="0"/>
<pin id="100" dir="0" index="1" bw="1" slack="0"/>
<pin id="101" dir="0" index="2" bw="9" slack="0"/>
<pin id="102" dir="1" index="3" bw="9" slack="0"/>
</pin_list>
<bind>
<opcode="getelementptr(29) " fcode="getelementptr"/>
<opset="pool2_out_addr/3 "/>
</bind>
</comp>

<comp id="105" class="1004" name="grp_access_fu_105">
<pin_list>
<pin id="106" dir="0" index="0" bw="9" slack="0"/>
<pin id="107" dir="0" index="1" bw="32" slack="2147483647"/>
<pin id="108" dir="0" index="2" bw="0" slack="2147483647"/>
<pin id="109" dir="1" index="3" bw="32" slack="0"/>
</pin_list>
<bind>
<opcode="load(27) " fcode="load"/>
<opset="pool2_out_load/3 "/>
</bind>
</comp>

<comp id="111" class="1004" name="fc_in_addr_gep_fu_111">
<pin_list>
<pin id="112" dir="0" index="0" bw="32" slack="0"/>
<pin id="113" dir="0" index="1" bw="1" slack="0"/>
<pin id="114" dir="0" index="2" bw="9" slack="0"/>
<pin id="115" dir="1" index="3" bw="9" slack="0"/>
</pin_list>
<bind>
<opcode="getelementptr(29) " fcode="getelementptr"/>
<opset="fc_in_addr/4 "/>
</bind>
</comp>

<comp id="118" class="1004" name="store_ln140_access_fu_118">
<pin_list>
<pin id="119" dir="0" index="0" bw="9" slack="0"/>
<pin id="120" dir="0" index="1" bw="32" slack="0"/>
<pin id="121" dir="0" index="2" bw="0" slack="2147483647"/>
<pin id="122" dir="1" index="3" bw="32" slack="2147483647"/>
</pin_list>
<bind>
<opcode="store(28) " fcode="store"/>
<opset="store_ln140/4 "/>
</bind>
</comp>

<comp id="125" class="1004" name="store_ln0_store_fu_125">
<pin_list>
<pin id="126" dir="0" index="0" bw="1" slack="0"/>
<pin id="127" dir="0" index="1" bw="9" slack="0"/>
<pin id="128" dir="1" index="2" bw="0" slack="2147483647"/>
</pin_list>
<bind>
<opcode="store(28) " fcode="store"/>
<opset="store_ln0/1 "/>
</bind>
</comp>

<comp id="130" class="1004" name="store_ln0_store_fu_130">
<pin_list>
<pin id="131" dir="0" index="0" bw="1" slack="0"/>
<pin id="132" dir="0" index="1" bw="9" slack="0"/>
<pin id="133" dir="1" index="2" bw="0" slack="2147483647"/>
</pin_list>
<bind>
<opcode="store(28) " fcode="store"/>
<opset="store_ln0/1 "/>
</bind>
</comp>

<comp id="135" class="1004" name="store_ln137_store_fu_135">
<pin_list>
<pin id="136" dir="0" index="0" bw="1" slack="0"/>
<pin id="137" dir="0" index="1" bw="5" slack="0"/>
<pin id="138" dir="1" index="2" bw="0" slack="2147483647"/>
</pin_list>
<bind>
<opcode="store(28) " fcode="store"/>
<opset="store_ln137/1 "/>
</bind>
</comp>

<comp id="140" class="1004" name="store_ln0_store_fu_140">
<pin_list>
<pin id="141" dir="0" index="0" bw="1" slack="0"/>
<pin id="142" dir="0" index="1" bw="6" slack="0"/>
<pin id="143" dir="1" index="2" bw="0" slack="2147483647"/>
</pin_list>
<bind>
<opcode="store(28) " fcode="store"/>
<opset="store_ln0/1 "/>
</bind>
</comp>

<comp id="145" class="1004" name="store_ln138_store_fu_145">
<pin_list>
<pin id="146" dir="0" index="0" bw="1" slack="0"/>
<pin id="147" dir="0" index="1" bw="3" slack="0"/>
<pin id="148" dir="1" index="2" bw="0" slack="2147483647"/>
</pin_list>
<bind>
<opcode="store(28) " fcode="store"/>
<opset="store_ln138/1 "/>
</bind>
</comp>

<comp id="150" class="1004" name="store_ln136_store_fu_150">
<pin_list>
<pin id="151" dir="0" index="0" bw="1" slack="0"/>
<pin id="152" dir="0" index="1" bw="9" slack="0"/>
<pin id="153" dir="1" index="2" bw="0" slack="2147483647"/>
</pin_list>
<bind>
<opcode="store(28) " fcode="store"/>
<opset="store_ln136/1 "/>
</bind>
</comp>

<comp id="155" class="1004" name="store_ln136_store_fu_155">
<pin_list>
<pin id="156" dir="0" index="0" bw="1" slack="0"/>
<pin id="157" dir="0" index="1" bw="9" slack="0"/>
<pin id="158" dir="1" index="2" bw="0" slack="2147483647"/>
</pin_list>
<bind>
<opcode="store(28) " fcode="store"/>
<opset="store_ln136/1 "/>
</bind>
</comp>

<comp id="160" class="1004" name="store_ln139_store_fu_160">
<pin_list>
<pin id="161" dir="0" index="0" bw="1" slack="0"/>
<pin id="162" dir="0" index="1" bw="3" slack="0"/>
<pin id="163" dir="1" index="2" bw="0" slack="2147483647"/>
</pin_list>
<bind>
<opcode="store(28) " fcode="store"/>
<opset="store_ln139/1 "/>
</bind>
</comp>

<comp id="165" class="1004" name="indvar_flatten151_load_load_fu_165">
<pin_list>
<pin id="166" dir="0" index="0" bw="9" slack="0"/>
<pin id="167" dir="1" index="1" bw="9" slack="0"/>
</pin_list>
<bind>
<opcode="load(27) " fcode="load"/>
<opset="indvar_flatten151_load/1 "/>
</bind>
</comp>

<comp id="168" class="1004" name="icmp_ln137_fu_168">
<pin_list>
<pin id="169" dir="0" index="0" bw="9" slack="0"/>
<pin id="170" dir="0" index="1" bw="8" slack="0"/>
<pin id="171" dir="1" index="2" bw="1" slack="2"/>
</pin_list>
<bind>
<opcode="icmp(45) " fcode="icmp"/>
<opset="icmp_ln137/1 "/>
</bind>
</comp>

<comp id="174" class="1004" name="add_ln137_2_fu_174">
<pin_list>
<pin id="175" dir="0" index="0" bw="9" slack="0"/>
<pin id="176" dir="0" index="1" bw="1" slack="0"/>
<pin id="177" dir="1" index="2" bw="9" slack="0"/>
</pin_list>
<bind>
<opcode="add(8) " fcode="add"/>
<opset="add_ln137_2/1 "/>
</bind>
</comp>

<comp id="180" class="1004" name="indvar_flatten133_load_load_fu_180">
<pin_list>
<pin id="181" dir="0" index="0" bw="6" slack="0"/>
<pin id="182" dir="1" index="1" bw="6" slack="0"/>
</pin_list>
<bind>
<opcode="load(27) " fcode="load"/>
<opset="indvar_flatten133_load/1 "/>
</bind>
</comp>

<comp id="183" class="1004" name="icmp_ln138_fu_183">
<pin_list>
<pin id="184" dir="0" index="0" bw="6" slack="0"/>
<pin id="185" dir="0" index="1" bw="6" slack="0"/>
<pin id="186" dir="1" index="2" bw="1" slack="0"/>
</pin_list>
<bind>
<opcode="icmp(45) " fcode="icmp"/>
<opset="icmp_ln138/1 "/>
</bind>
</comp>

<comp id="189" class="1004" name="add_ln138_1_fu_189">
<pin_list>
<pin id="190" dir="0" index="0" bw="6" slack="0"/>
<pin id="191" dir="0" index="1" bw="1" slack="0"/>
<pin id="192" dir="1" index="2" bw="6" slack="0"/>
</pin_list>
<bind>
<opcode="add(8) " fcode="add"/>
<opset="add_ln138_1/1 "/>
</bind>
</comp>

<comp id="195" class="1004" name="select_ln138_2_fu_195">
<pin_list>
<pin id="196" dir="0" index="0" bw="1" slack="0"/>
<pin id="197" dir="0" index="1" bw="1" slack="0"/>
<pin id="198" dir="0" index="2" bw="6" slack="0"/>
<pin id="199" dir="1" index="3" bw="6" slack="0"/>
</pin_list>
<bind>
<opcode="select(49) " fcode="select"/>
<opset="select_ln138_2/1 "/>
</bind>
</comp>

<comp id="203" class="1004" name="store_ln137_store_fu_203">
<pin_list>
<pin id="204" dir="0" index="0" bw="9" slack="0"/>
<pin id="205" dir="0" index="1" bw="9" slack="0"/>
<pin id="206" dir="1" index="2" bw="0" slack="2147483647"/>
</pin_list>
<bind>
<opcode="store(28) " fcode="store"/>
<opset="store_ln137/1 "/>
</bind>
</comp>

<comp id="208" class="1004" name="store_ln138_store_fu_208">
<pin_list>
<pin id="209" dir="0" index="0" bw="6" slack="0"/>
<pin id="210" dir="0" index="1" bw="6" slack="0"/>
<pin id="211" dir="1" index="2" bw="0" slack="2147483647"/>
</pin_list>
<bind>
<opcode="store(28) " fcode="store"/>
<opset="store_ln138/1 "/>
</bind>
</comp>

<comp id="213" class="1004" name="j_load_load_fu_213">
<pin_list>
<pin id="214" dir="0" index="0" bw="3" slack="1"/>
<pin id="215" dir="1" index="1" bw="3" slack="0"/>
</pin_list>
<bind>
<opcode="load(27) " fcode="load"/>
<opset="j_load/2 "/>
</bind>
</comp>

<comp id="216" class="1004" name="i_load_load_fu_216">
<pin_list>
<pin id="217" dir="0" index="0" bw="3" slack="1"/>
<pin id="218" dir="1" index="1" bw="3" slack="0"/>
</pin_list>
<bind>
<opcode="load(27) " fcode="load"/>
<opset="i_load/2 "/>
</bind>
</comp>

<comp id="219" class="1004" name="c_load_load_fu_219">
<pin_list>
<pin id="220" dir="0" index="0" bw="5" slack="1"/>
<pin id="221" dir="1" index="1" bw="5" slack="0"/>
</pin_list>
<bind>
<opcode="load(27) " fcode="load"/>
<opset="c_load/2 "/>
</bind>
</comp>

<comp id="222" class="1004" name="add_ln137_fu_222">
<pin_list>
<pin id="223" dir="0" index="0" bw="5" slack="0"/>
<pin id="224" dir="0" index="1" bw="1" slack="0"/>
<pin id="225" dir="1" index="2" bw="5" slack="0"/>
</pin_list>
<bind>
<opcode="add(8) " fcode="add"/>
<opset="add_ln137/2 "/>
</bind>
</comp>

<comp id="228" class="1004" name="select_ln137_1_fu_228">
<pin_list>
<pin id="229" dir="0" index="0" bw="1" slack="1"/>
<pin id="230" dir="0" index="1" bw="1" slack="0"/>
<pin id="231" dir="0" index="2" bw="3" slack="0"/>
<pin id="232" dir="1" index="3" bw="3" slack="0"/>
</pin_list>
<bind>
<opcode="select(49) " fcode="select"/>
<opset="select_ln137_1/2 "/>
</bind>
</comp>

<comp id="235" class="1004" name="xor_ln137_fu_235">
<pin_list>
<pin id="236" dir="0" index="0" bw="1" slack="1"/>
<pin id="237" dir="0" index="1" bw="1" slack="0"/>
<pin id="238" dir="1" index="2" bw="1" slack="0"/>
</pin_list>
<bind>
<opcode="xor(25) " fcode="xor"/>
<opset="xor_ln137/2 "/>
</bind>
</comp>

<comp id="240" class="1004" name="icmp_ln139_fu_240">
<pin_list>
<pin id="241" dir="0" index="0" bw="3" slack="0"/>
<pin id="242" dir="0" index="1" bw="3" slack="0"/>
<pin id="243" dir="1" index="2" bw="1" slack="0"/>
</pin_list>
<bind>
<opcode="icmp(45) " fcode="icmp"/>
<opset="icmp_ln139/2 "/>
</bind>
</comp>

<comp id="246" class="1004" name="and_ln137_fu_246">
<pin_list>
<pin id="247" dir="0" index="0" bw="1" slack="0"/>
<pin id="248" dir="0" index="1" bw="1" slack="0"/>
<pin id="249" dir="1" index="2" bw="1" slack="0"/>
</pin_list>
<bind>
<opcode="and(23) " fcode="and"/>
<opset="and_ln137/2 "/>
</bind>
</comp>

<comp id="252" class="1004" name="select_ln137_4_fu_252">
<pin_list>
<pin id="253" dir="0" index="0" bw="1" slack="1"/>
<pin id="254" dir="0" index="1" bw="5" slack="0"/>
<pin id="255" dir="0" index="2" bw="5" slack="0"/>
<pin id="256" dir="1" index="3" bw="5" slack="0"/>
</pin_list>
<bind>
<opcode="select(49) " fcode="select"/>
<opset="select_ln137_4/2 "/>
</bind>
</comp>

<comp id="259" class="1004" name="add_ln138_fu_259">
<pin_list>
<pin id="260" dir="0" index="0" bw="3" slack="0"/>
<pin id="261" dir="0" index="1" bw="1" slack="0"/>
<pin id="262" dir="1" index="2" bw="3" slack="0"/>
</pin_list>
<bind>
<opcode="add(8) " fcode="add"/>
<opset="add_ln138/2 "/>
</bind>
</comp>

<comp id="265" class="1004" name="empty_fu_265">
<pin_list>
<pin id="266" dir="0" index="0" bw="1" slack="0"/>
<pin id="267" dir="0" index="1" bw="1" slack="1"/>
<pin id="268" dir="1" index="2" bw="1" slack="0"/>
</pin_list>
<bind>
<opcode="or(24) " fcode="or"/>
<opset="empty/2 "/>
</bind>
</comp>

<comp id="270" class="1004" name="j_4_mid2_fu_270">
<pin_list>
<pin id="271" dir="0" index="0" bw="1" slack="0"/>
<pin id="272" dir="0" index="1" bw="1" slack="0"/>
<pin id="273" dir="0" index="2" bw="3" slack="0"/>
<pin id="274" dir="1" index="3" bw="3" slack="0"/>
</pin_list>
<bind>
<opcode="select(49) " fcode="select"/>
<opset="j_4_mid2/2 "/>
</bind>
</comp>

<comp id="278" class="1004" name="select_ln138_1_fu_278">
<pin_list>
<pin id="279" dir="0" index="0" bw="1" slack="0"/>
<pin id="280" dir="0" index="1" bw="3" slack="0"/>
<pin id="281" dir="0" index="2" bw="3" slack="0"/>
<pin id="282" dir="1" index="3" bw="3" slack="0"/>
</pin_list>
<bind>
<opcode="select(49) " fcode="select"/>
<opset="select_ln138_1/2 "/>
</bind>
</comp>

<comp id="286" class="1004" name="zext_ln140_fu_286">
<pin_list>
<pin id="287" dir="0" index="0" bw="5" slack="0"/>
<pin id="288" dir="1" index="1" bw="8" slack="0"/>
</pin_list>
<bind>
<opcode="zext(34) " fcode="zext"/>
<opset="zext_ln140/2 "/>
</bind>
</comp>

<comp id="290" class="1004" name="tmp_fu_290">
<pin_list>
<pin id="291" dir="0" index="0" bw="7" slack="0"/>
<pin id="292" dir="0" index="1" bw="5" slack="0"/>
<pin id="293" dir="0" index="2" bw="1" slack="0"/>
<pin id="294" dir="1" index="3" bw="7" slack="0"/>
</pin_list>
<bind>
<opcode="bitconcatenate(1004) " fcode="bitconcatenate"/>
<opset="tmp/2 "/>
</bind>
</comp>

<comp id="298" class="1004" name="zext_ln140_1_fu_298">
<pin_list>
<pin id="299" dir="0" index="0" bw="7" slack="0"/>
<pin id="300" dir="1" index="1" bw="8" slack="0"/>
</pin_list>
<bind>
<opcode="zext(34) " fcode="zext"/>
<opset="zext_ln140_1/2 "/>
</bind>
</comp>

<comp id="302" class="1004" name="add_ln140_3_fu_302">
<pin_list>
<pin id="303" dir="0" index="0" bw="7" slack="0"/>
<pin id="304" dir="0" index="1" bw="5" slack="0"/>
<pin id="305" dir="1" index="2" bw="8" slack="0"/>
</pin_list>
<bind>
<opcode="add(8) " fcode="add"/>
<opset="add_ln140_3/2 "/>
</bind>
</comp>

<comp id="308" class="1004" name="zext_ln140_2_fu_308">
<pin_list>
<pin id="309" dir="0" index="0" bw="3" slack="0"/>
<pin id="310" dir="1" index="1" bw="8" slack="0"/>
</pin_list>
<bind>
<opcode="zext(34) " fcode="zext"/>
<opset="zext_ln140_2/2 "/>
</bind>
</comp>

<comp id="312" class="1004" name="add_ln140_1_fu_312">
<pin_list>
<pin id="313" dir="0" index="0" bw="8" slack="0"/>
<pin id="314" dir="0" index="1" bw="3" slack="0"/>
<pin id="315" dir="1" index="2" bw="8" slack="0"/>
</pin_list>
<bind>
<opcode="add(8) " fcode="add"/>
<opset="add_ln140_1/2 "/>
</bind>
</comp>

<comp id="318" class="1004" name="trunc_ln140_fu_318">
<pin_list>
<pin id="319" dir="0" index="0" bw="8" slack="0"/>
<pin id="320" dir="1" index="1" bw="7" slack="1"/>
</pin_list>
<bind>
<opcode="trunc(33) " fcode="trunc"/>
<opset="trunc_ln140/2 "/>
</bind>
</comp>

<comp id="322" class="1004" name="add_ln139_1_fu_322">
<pin_list>
<pin id="323" dir="0" index="0" bw="3" slack="0"/>
<pin id="324" dir="0" index="1" bw="1" slack="0"/>
<pin id="325" dir="1" index="2" bw="3" slack="0"/>
</pin_list>
<bind>
<opcode="add(8) " fcode="add"/>
<opset="add_ln139_1/2 "/>
</bind>
</comp>

<comp id="328" class="1004" name="store_ln137_store_fu_328">
<pin_list>
<pin id="329" dir="0" index="0" bw="5" slack="0"/>
<pin id="330" dir="0" index="1" bw="5" slack="1"/>
<pin id="331" dir="1" index="2" bw="0" slack="2147483647"/>
</pin_list>
<bind>
<opcode="store(28) " fcode="store"/>
<opset="store_ln137/2 "/>
</bind>
</comp>

<comp id="333" class="1004" name="store_ln138_store_fu_333">
<pin_list>
<pin id="334" dir="0" index="0" bw="3" slack="0"/>
<pin id="335" dir="0" index="1" bw="3" slack="1"/>
<pin id="336" dir="1" index="2" bw="0" slack="2147483647"/>
</pin_list>
<bind>
<opcode="store(28) " fcode="store"/>
<opset="store_ln138/2 "/>
</bind>
</comp>

<comp id="338" class="1004" name="store_ln139_store_fu_338">
<pin_list>
<pin id="339" dir="0" index="0" bw="3" slack="0"/>
<pin id="340" dir="0" index="1" bw="3" slack="1"/>
<pin id="341" dir="1" index="2" bw="0" slack="2147483647"/>
</pin_list>
<bind>
<opcode="store(28) " fcode="store"/>
<opset="store_ln139/2 "/>
</bind>
</comp>

<comp id="343" class="1004" name="zext_ln139_fu_343">
<pin_list>
<pin id="344" dir="0" index="0" bw="8" slack="1"/>
<pin id="345" dir="1" index="1" bw="9" slack="0"/>
</pin_list>
<bind>
<opcode="zext(34) " fcode="zext"/>
<opset="zext_ln139/3 "/>
</bind>
</comp>

<comp id="346" class="1004" name="p_shl_fu_346">
<pin_list>
<pin id="347" dir="0" index="0" bw="9" slack="0"/>
<pin id="348" dir="0" index="1" bw="7" slack="1"/>
<pin id="349" dir="0" index="2" bw="1" slack="0"/>
<pin id="350" dir="1" index="3" bw="9" slack="0"/>
</pin_list>
<bind>
<opcode="bitconcatenate(1004) " fcode="bitconcatenate"/>
<opset="p_shl/3 "/>
</bind>
</comp>

<comp id="353" class="1004" name="add_ln139_2_fu_353">
<pin_list>
<pin id="354" dir="0" index="0" bw="9" slack="0"/>
<pin id="355" dir="0" index="1" bw="8" slack="0"/>
<pin id="356" dir="1" index="2" bw="9" slack="0"/>
</pin_list>
<bind>
<opcode="add(8) " fcode="add"/>
<opset="add_ln139_2/3 "/>
</bind>
</comp>

<comp id="359" class="1004" name="zext_ln140_3_fu_359">
<pin_list>
<pin id="360" dir="0" index="0" bw="3" slack="1"/>
<pin id="361" dir="1" index="1" bw="9" slack="0"/>
</pin_list>
<bind>
<opcode="zext(34) " fcode="zext"/>
<opset="zext_ln140_3/3 "/>
</bind>
</comp>

<comp id="362" class="1004" name="add_ln140_2_fu_362">
<pin_list>
<pin id="363" dir="0" index="0" bw="9" slack="0"/>
<pin id="364" dir="0" index="1" bw="3" slack="0"/>
<pin id="365" dir="1" index="2" bw="9" slack="0"/>
</pin_list>
<bind>
<opcode="add(8) " fcode="add"/>
<opset="add_ln140_2/3 "/>
</bind>
</comp>

<comp id="368" class="1004" name="zext_ln140_4_fu_368">
<pin_list>
<pin id="369" dir="0" index="0" bw="9" slack="0"/>
<pin id="370" dir="1" index="1" bw="64" slack="0"/>
</pin_list>
<bind>
<opcode="zext(34) " fcode="zext"/>
<opset="zext_ln140_4/3 "/>
</bind>
</comp>

<comp id="373" class="1004" name="idx_1_load_load_fu_373">
<pin_list>
<pin id="374" dir="0" index="0" bw="9" slack="3"/>
<pin id="375" dir="1" index="1" bw="9" slack="0"/>
</pin_list>
<bind>
<opcode="load(27) " fcode="load"/>
<opset="idx_1_load/4 "/>
</bind>
</comp>

<comp id="376" class="1004" name="add_ln137_11_load_load_fu_376">
<pin_list>
<pin id="377" dir="0" index="0" bw="9" slack="3"/>
<pin id="378" dir="1" index="1" bw="9" slack="0"/>
</pin_list>
<bind>
<opcode="load(27) " fcode="load"/>
<opset="add_ln137_11_load/4 "/>
</bind>
</comp>

<comp id="379" class="1004" name="idx_load_load_fu_379">
<pin_list>
<pin id="380" dir="0" index="0" bw="9" slack="3"/>
<pin id="381" dir="1" index="1" bw="9" slack="0"/>
</pin_list>
<bind>
<opcode="load(27) " fcode="load"/>
<opset="idx_load/4 "/>
</bind>
</comp>

<comp id="382" class="1004" name="add_ln1393_load_load_fu_382">
<pin_list>
<pin id="383" dir="0" index="0" bw="9" slack="3"/>
<pin id="384" dir="1" index="1" bw="9" slack="0"/>
</pin_list>
<bind>
<opcode="load(27) " fcode="load"/>
<opset="add_ln1393_load/4 "/>
</bind>
</comp>

<comp id="385" class="1004" name="indvars_iv172_load_load_fu_385">
<pin_list>
<pin id="386" dir="0" index="0" bw="9" slack="3"/>
<pin id="387" dir="1" index="1" bw="9" slack="0"/>
</pin_list>
<bind>
<opcode="load(27) " fcode="load"/>
<opset="indvars_iv172_load/4 "/>
</bind>
</comp>

<comp id="388" class="1004" name="select_ln137_fu_388">
<pin_list>
<pin id="389" dir="0" index="0" bw="1" slack="3"/>
<pin id="390" dir="0" index="1" bw="9" slack="0"/>
<pin id="391" dir="0" index="2" bw="9" slack="0"/>
<pin id="392" dir="1" index="3" bw="9" slack="0"/>
</pin_list>
<bind>
<opcode="select(49) " fcode="select"/>
<opset="select_ln137/4 "/>
</bind>
</comp>

<comp id="395" class="1004" name="select_ln137_2_fu_395">
<pin_list>
<pin id="396" dir="0" index="0" bw="1" slack="3"/>
<pin id="397" dir="0" index="1" bw="9" slack="0"/>
<pin id="398" dir="0" index="2" bw="9" slack="0"/>
<pin id="399" dir="1" index="3" bw="9" slack="0"/>
</pin_list>
<bind>
<opcode="select(49) " fcode="select"/>
<opset="select_ln137_2/4 "/>
</bind>
</comp>

<comp id="402" class="1004" name="select_ln137_3_fu_402">
<pin_list>
<pin id="403" dir="0" index="0" bw="1" slack="3"/>
<pin id="404" dir="0" index="1" bw="9" slack="0"/>
<pin id="405" dir="0" index="2" bw="9" slack="0"/>
<pin id="406" dir="1" index="3" bw="9" slack="0"/>
</pin_list>
<bind>
<opcode="select(49) " fcode="select"/>
<opset="select_ln137_3/4 "/>
</bind>
</comp>

<comp id="409" class="1004" name="idx_1_mid2_fu_409">
<pin_list>
<pin id="410" dir="0" index="0" bw="1" slack="2"/>
<pin id="411" dir="0" index="1" bw="9" slack="0"/>
<pin id="412" dir="0" index="2" bw="9" slack="0"/>
<pin id="413" dir="1" index="3" bw="9" slack="0"/>
</pin_list>
<bind>
<opcode="select(49) " fcode="select"/>
<opset="idx_1_mid2/4 "/>
</bind>
</comp>

<comp id="416" class="1004" name="select_ln138_fu_416">
<pin_list>
<pin id="417" dir="0" index="0" bw="1" slack="2"/>
<pin id="418" dir="0" index="1" bw="9" slack="0"/>
<pin id="419" dir="0" index="2" bw="9" slack="0"/>
<pin id="420" dir="1" index="3" bw="9" slack="0"/>
</pin_list>
<bind>
<opcode="select(49) " fcode="select"/>
<opset="select_ln138/4 "/>
</bind>
</comp>

<comp id="423" class="1004" name="zext_ln139_1_fu_423">
<pin_list>
<pin id="424" dir="0" index="0" bw="9" slack="0"/>
<pin id="425" dir="1" index="1" bw="64" slack="0"/>
</pin_list>
<bind>
<opcode="zext(34) " fcode="zext"/>
<opset="zext_ln139_1/4 "/>
</bind>
</comp>

<comp id="428" class="1004" name="add_ln140_fu_428">
<pin_list>
<pin id="429" dir="0" index="0" bw="9" slack="0"/>
<pin id="430" dir="0" index="1" bw="1" slack="0"/>
<pin id="431" dir="1" index="2" bw="9" slack="0"/>
</pin_list>
<bind>
<opcode="add(8) " fcode="add"/>
<opset="add_ln140/4 "/>
</bind>
</comp>

<comp id="434" class="1004" name="add_ln139_fu_434">
<pin_list>
<pin id="435" dir="0" index="0" bw="9" slack="0"/>
<pin id="436" dir="0" index="1" bw="4" slack="0"/>
<pin id="437" dir="1" index="2" bw="9" slack="0"/>
</pin_list>
<bind>
<opcode="add(8) " fcode="add"/>
<opset="add_ln139/4 "/>
</bind>
</comp>

<comp id="440" class="1004" name="add_ln137_1_fu_440">
<pin_list>
<pin id="441" dir="0" index="0" bw="9" slack="0"/>
<pin id="442" dir="0" index="1" bw="6" slack="0"/>
<pin id="443" dir="1" index="2" bw="9" slack="0"/>
</pin_list>
<bind>
<opcode="add(8) " fcode="add"/>
<opset="add_ln137_1/4 "/>
</bind>
</comp>

<comp id="446" class="1004" name="store_ln137_store_fu_446">
<pin_list>
<pin id="447" dir="0" index="0" bw="9" slack="0"/>
<pin id="448" dir="0" index="1" bw="9" slack="3"/>
<pin id="449" dir="1" index="2" bw="0" slack="2147483647"/>
</pin_list>
<bind>
<opcode="store(28) " fcode="store"/>
<opset="store_ln137/4 "/>
</bind>
</comp>

<comp id="451" class="1004" name="store_ln139_store_fu_451">
<pin_list>
<pin id="452" dir="0" index="0" bw="9" slack="0"/>
<pin id="453" dir="0" index="1" bw="9" slack="3"/>
<pin id="454" dir="1" index="2" bw="0" slack="2147483647"/>
</pin_list>
<bind>
<opcode="store(28) " fcode="store"/>
<opset="store_ln139/4 "/>
</bind>
</comp>

<comp id="456" class="1004" name="store_ln136_store_fu_456">
<pin_list>
<pin id="457" dir="0" index="0" bw="9" slack="0"/>
<pin id="458" dir="0" index="1" bw="9" slack="3"/>
<pin id="459" dir="1" index="2" bw="0" slack="2147483647"/>
</pin_list>
<bind>
<opcode="store(28) " fcode="store"/>
<opset="store_ln136/4 "/>
</bind>
</comp>

<comp id="461" class="1004" name="store_ln137_store_fu_461">
<pin_list>
<pin id="462" dir="0" index="0" bw="9" slack="0"/>
<pin id="463" dir="0" index="1" bw="9" slack="3"/>
<pin id="464" dir="1" index="2" bw="0" slack="2147483647"/>
</pin_list>
<bind>
<opcode="store(28) " fcode="store"/>
<opset="store_ln137/4 "/>
</bind>
</comp>

<comp id="466" class="1004" name="store_ln136_store_fu_466">
<pin_list>
<pin id="467" dir="0" index="0" bw="9" slack="0"/>
<pin id="468" dir="0" index="1" bw="9" slack="3"/>
<pin id="469" dir="1" index="2" bw="0" slack="2147483647"/>
</pin_list>
<bind>
<opcode="store(28) " fcode="store"/>
<opset="store_ln136/4 "/>
</bind>
</comp>

<comp id="471" class="1005" name="j_reg_471">
<pin_list>
<pin id="472" dir="0" index="0" bw="3" slack="0"/>
<pin id="473" dir="1" index="1" bw="3" slack="0"/>
</pin_list>
<bind>
<opset="j "/>
</bind>
</comp>

<comp id="478" class="1005" name="idx_1_reg_478">
<pin_list>
<pin id="479" dir="0" index="0" bw="9" slack="0"/>
<pin id="480" dir="1" index="1" bw="9" slack="0"/>
</pin_list>
<bind>
<opset="idx_1 "/>
</bind>
</comp>

<comp id="485" class="1005" name="add_ln137_11_reg_485">
<pin_list>
<pin id="486" dir="0" index="0" bw="9" slack="3"/>
<pin id="487" dir="1" index="1" bw="9" slack="3"/>
</pin_list>
<bind>
<opset="add_ln137_11 "/>
</bind>
</comp>

<comp id="491" class="1005" name="idx_reg_491">
<pin_list>
<pin id="492" dir="0" index="0" bw="9" slack="0"/>
<pin id="493" dir="1" index="1" bw="9" slack="0"/>
</pin_list>
<bind>
<opset="idx "/>
</bind>
</comp>

<comp id="498" class="1005" name="add_ln1393_reg_498">
<pin_list>
<pin id="499" dir="0" index="0" bw="9" slack="3"/>
<pin id="500" dir="1" index="1" bw="9" slack="3"/>
</pin_list>
<bind>
<opset="add_ln1393 "/>
</bind>
</comp>

<comp id="504" class="1005" name="i_reg_504">
<pin_list>
<pin id="505" dir="0" index="0" bw="3" slack="0"/>
<pin id="506" dir="1" index="1" bw="3" slack="0"/>
</pin_list>
<bind>
<opset="i "/>
</bind>
</comp>

<comp id="511" class="1005" name="indvar_flatten133_reg_511">
<pin_list>
<pin id="512" dir="0" index="0" bw="6" slack="0"/>
<pin id="513" dir="1" index="1" bw="6" slack="0"/>
</pin_list>
<bind>
<opset="indvar_flatten133 "/>
</bind>
</comp>

<comp id="518" class="1005" name="c_reg_518">
<pin_list>
<pin id="519" dir="0" index="0" bw="5" slack="0"/>
<pin id="520" dir="1" index="1" bw="5" slack="0"/>
</pin_list>
<bind>
<opset="c "/>
</bind>
</comp>

<comp id="525" class="1005" name="indvars_iv172_reg_525">
<pin_list>
<pin id="526" dir="0" index="0" bw="9" slack="0"/>
<pin id="527" dir="1" index="1" bw="9" slack="0"/>
</pin_list>
<bind>
<opset="indvars_iv172 "/>
</bind>
</comp>

<comp id="532" class="1005" name="indvar_flatten151_reg_532">
<pin_list>
<pin id="533" dir="0" index="0" bw="9" slack="0"/>
<pin id="534" dir="1" index="1" bw="9" slack="0"/>
</pin_list>
<bind>
<opset="indvar_flatten151 "/>
</bind>
</comp>

<comp id="539" class="1005" name="icmp_ln137_reg_539">
<pin_list>
<pin id="540" dir="0" index="0" bw="1" slack="2"/>
<pin id="541" dir="1" index="1" bw="1" slack="2147483647"/>
</pin_list>
<bind>
<opset="icmp_ln137 "/>
</bind>
</comp>

<comp id="543" class="1005" name="icmp_ln138_reg_543">
<pin_list>
<pin id="544" dir="0" index="0" bw="1" slack="1"/>
<pin id="545" dir="1" index="1" bw="1" slack="1"/>
</pin_list>
<bind>
<opset="icmp_ln138 "/>
</bind>
</comp>

<comp id="554" class="1005" name="and_ln137_reg_554">
<pin_list>
<pin id="555" dir="0" index="0" bw="1" slack="2"/>
<pin id="556" dir="1" index="1" bw="1" slack="2"/>
</pin_list>
<bind>
<opset="and_ln137 "/>
</bind>
</comp>

<comp id="560" class="1005" name="j_4_mid2_reg_560">
<pin_list>
<pin id="561" dir="0" index="0" bw="3" slack="1"/>
<pin id="562" dir="1" index="1" bw="3" slack="1"/>
</pin_list>
<bind>
<opset="j_4_mid2 "/>
</bind>
</comp>

<comp id="565" class="1005" name="add_ln140_1_reg_565">
<pin_list>
<pin id="566" dir="0" index="0" bw="8" slack="1"/>
<pin id="567" dir="1" index="1" bw="8" slack="1"/>
</pin_list>
<bind>
<opset="add_ln140_1 "/>
</bind>
</comp>

<comp id="570" class="1005" name="trunc_ln140_reg_570">
<pin_list>
<pin id="571" dir="0" index="0" bw="7" slack="1"/>
<pin id="572" dir="1" index="1" bw="7" slack="1"/>
</pin_list>
<bind>
<opset="trunc_ln140 "/>
</bind>
</comp>

<comp id="575" class="1005" name="pool2_out_addr_reg_575">
<pin_list>
<pin id="576" dir="0" index="0" bw="9" slack="1"/>
<pin id="577" dir="1" index="1" bw="9" slack="1"/>
</pin_list>
<bind>
<opset="pool2_out_addr "/>
</bind>
</comp>

</comp_list>

<net_list>
<net id="61"><net_src comp="4" pin="0"/><net_sink comp="58" pin=0"/></net>

<net id="65"><net_src comp="4" pin="0"/><net_sink comp="62" pin=0"/></net>

<net id="69"><net_src comp="4" pin="0"/><net_sink comp="66" pin=0"/></net>

<net id="73"><net_src comp="4" pin="0"/><net_sink comp="70" pin=0"/></net>

<net id="77"><net_src comp="4" pin="0"/><net_sink comp="74" pin=0"/></net>

<net id="81"><net_src comp="4" pin="0"/><net_sink comp="78" pin=0"/></net>

<net id="85"><net_src comp="4" pin="0"/><net_sink comp="82" pin=0"/></net>

<net id="89"><net_src comp="4" pin="0"/><net_sink comp="86" pin=0"/></net>

<net id="93"><net_src comp="4" pin="0"/><net_sink comp="90" pin=0"/></net>

<net id="97"><net_src comp="4" pin="0"/><net_sink comp="94" pin=0"/></net>

<net id="103"><net_src comp="0" pin="0"/><net_sink comp="98" pin=0"/></net>

<net id="104"><net_src comp="36" pin="0"/><net_sink comp="98" pin=1"/></net>

<net id="110"><net_src comp="98" pin="3"/><net_sink comp="105" pin=0"/></net>

<net id="116"><net_src comp="2" pin="0"/><net_sink comp="111" pin=0"/></net>

<net id="117"><net_src comp="36" pin="0"/><net_sink comp="111" pin=1"/></net>

<net id="123"><net_src comp="105" pin="3"/><net_sink comp="118" pin=1"/></net>

<net id="124"><net_src comp="111" pin="3"/><net_sink comp="118" pin=0"/></net>

<net id="129"><net_src comp="6" pin="0"/><net_sink comp="125" pin=0"/></net>

<net id="134"><net_src comp="6" pin="0"/><net_sink comp="130" pin=0"/></net>

<net id="139"><net_src comp="8" pin="0"/><net_sink comp="135" pin=0"/></net>

<net id="144"><net_src comp="10" pin="0"/><net_sink comp="140" pin=0"/></net>

<net id="149"><net_src comp="12" pin="0"/><net_sink comp="145" pin=0"/></net>

<net id="154"><net_src comp="6" pin="0"/><net_sink comp="150" pin=0"/></net>

<net id="159"><net_src comp="6" pin="0"/><net_sink comp="155" pin=0"/></net>

<net id="164"><net_src comp="12" pin="0"/><net_sink comp="160" pin=0"/></net>

<net id="172"><net_src comp="165" pin="1"/><net_sink comp="168" pin=0"/></net>

<net id="173"><net_src comp="14" pin="0"/><net_sink comp="168" pin=1"/></net>

<net id="178"><net_src comp="165" pin="1"/><net_sink comp="174" pin=0"/></net>

<net id="179"><net_src comp="16" pin="0"/><net_sink comp="174" pin=1"/></net>

<net id="187"><net_src comp="180" pin="1"/><net_sink comp="183" pin=0"/></net>

<net id="188"><net_src comp="18" pin="0"/><net_sink comp="183" pin=1"/></net>

<net id="193"><net_src comp="180" pin="1"/><net_sink comp="189" pin=0"/></net>

<net id="194"><net_src comp="20" pin="0"/><net_sink comp="189" pin=1"/></net>

<net id="200"><net_src comp="183" pin="2"/><net_sink comp="195" pin=0"/></net>

<net id="201"><net_src comp="20" pin="0"/><net_sink comp="195" pin=1"/></net>

<net id="202"><net_src comp="189" pin="2"/><net_sink comp="195" pin=2"/></net>

<net id="207"><net_src comp="174" pin="2"/><net_sink comp="203" pin=0"/></net>

<net id="212"><net_src comp="195" pin="3"/><net_sink comp="208" pin=0"/></net>

<net id="226"><net_src comp="219" pin="1"/><net_sink comp="222" pin=0"/></net>

<net id="227"><net_src comp="22" pin="0"/><net_sink comp="222" pin=1"/></net>

<net id="233"><net_src comp="12" pin="0"/><net_sink comp="228" pin=1"/></net>

<net id="234"><net_src comp="216" pin="1"/><net_sink comp="228" pin=2"/></net>

<net id="239"><net_src comp="24" pin="0"/><net_sink comp="235" pin=1"/></net>

<net id="244"><net_src comp="213" pin="1"/><net_sink comp="240" pin=0"/></net>

<net id="245"><net_src comp="26" pin="0"/><net_sink comp="240" pin=1"/></net>

<net id="250"><net_src comp="240" pin="2"/><net_sink comp="246" pin=0"/></net>

<net id="251"><net_src comp="235" pin="2"/><net_sink comp="246" pin=1"/></net>

<net id="257"><net_src comp="222" pin="2"/><net_sink comp="252" pin=1"/></net>

<net id="258"><net_src comp="219" pin="1"/><net_sink comp="252" pin=2"/></net>

<net id="263"><net_src comp="228" pin="3"/><net_sink comp="259" pin=0"/></net>

<net id="264"><net_src comp="28" pin="0"/><net_sink comp="259" pin=1"/></net>

<net id="269"><net_src comp="246" pin="2"/><net_sink comp="265" pin=0"/></net>

<net id="275"><net_src comp="265" pin="2"/><net_sink comp="270" pin=0"/></net>

<net id="276"><net_src comp="12" pin="0"/><net_sink comp="270" pin=1"/></net>

<net id="277"><net_src comp="213" pin="1"/><net_sink comp="270" pin=2"/></net>

<net id="283"><net_src comp="246" pin="2"/><net_sink comp="278" pin=0"/></net>

<net id="284"><net_src comp="259" pin="2"/><net_sink comp="278" pin=1"/></net>

<net id="285"><net_src comp="228" pin="3"/><net_sink comp="278" pin=2"/></net>

<net id="289"><net_src comp="252" pin="3"/><net_sink comp="286" pin=0"/></net>

<net id="295"><net_src comp="30" pin="0"/><net_sink comp="290" pin=0"/></net>

<net id="296"><net_src comp="252" pin="3"/><net_sink comp="290" pin=1"/></net>

<net id="297"><net_src comp="32" pin="0"/><net_sink comp="290" pin=2"/></net>

<net id="301"><net_src comp="290" pin="3"/><net_sink comp="298" pin=0"/></net>

<net id="306"><net_src comp="298" pin="1"/><net_sink comp="302" pin=0"/></net>

<net id="307"><net_src comp="286" pin="1"/><net_sink comp="302" pin=1"/></net>

<net id="311"><net_src comp="278" pin="3"/><net_sink comp="308" pin=0"/></net>

<net id="316"><net_src comp="302" pin="2"/><net_sink comp="312" pin=0"/></net>

<net id="317"><net_src comp="308" pin="1"/><net_sink comp="312" pin=1"/></net>

<net id="321"><net_src comp="312" pin="2"/><net_sink comp="318" pin=0"/></net>

<net id="326"><net_src comp="270" pin="3"/><net_sink comp="322" pin=0"/></net>

<net id="327"><net_src comp="28" pin="0"/><net_sink comp="322" pin=1"/></net>

<net id="332"><net_src comp="252" pin="3"/><net_sink comp="328" pin=0"/></net>

<net id="337"><net_src comp="278" pin="3"/><net_sink comp="333" pin=0"/></net>

<net id="342"><net_src comp="322" pin="2"/><net_sink comp="338" pin=0"/></net>

<net id="351"><net_src comp="34" pin="0"/><net_sink comp="346" pin=0"/></net>

<net id="352"><net_src comp="32" pin="0"/><net_sink comp="346" pin=2"/></net>

<net id="357"><net_src comp="346" pin="3"/><net_sink comp="353" pin=0"/></net>

<net id="358"><net_src comp="343" pin="1"/><net_sink comp="353" pin=1"/></net>

<net id="366"><net_src comp="353" pin="2"/><net_sink comp="362" pin=0"/></net>

<net id="367"><net_src comp="359" pin="1"/><net_sink comp="362" pin=1"/></net>

<net id="371"><net_src comp="362" pin="2"/><net_sink comp="368" pin=0"/></net>

<net id="372"><net_src comp="368" pin="1"/><net_sink comp="98" pin=2"/></net>

<net id="393"><net_src comp="376" pin="1"/><net_sink comp="388" pin=1"/></net>

<net id="394"><net_src comp="379" pin="1"/><net_sink comp="388" pin=2"/></net>

<net id="400"><net_src comp="376" pin="1"/><net_sink comp="395" pin=1"/></net>

<net id="401"><net_src comp="373" pin="1"/><net_sink comp="395" pin=2"/></net>

<net id="407"><net_src comp="376" pin="1"/><net_sink comp="402" pin=1"/></net>

<net id="408"><net_src comp="385" pin="1"/><net_sink comp="402" pin=2"/></net>

<net id="414"><net_src comp="382" pin="1"/><net_sink comp="409" pin=1"/></net>

<net id="415"><net_src comp="395" pin="3"/><net_sink comp="409" pin=2"/></net>

<net id="421"><net_src comp="382" pin="1"/><net_sink comp="416" pin=1"/></net>

<net id="422"><net_src comp="388" pin="3"/><net_sink comp="416" pin=2"/></net>

<net id="426"><net_src comp="409" pin="3"/><net_sink comp="423" pin=0"/></net>

<net id="427"><net_src comp="423" pin="1"/><net_sink comp="111" pin=2"/></net>

<net id="432"><net_src comp="409" pin="3"/><net_sink comp="428" pin=0"/></net>

<net id="433"><net_src comp="16" pin="0"/><net_sink comp="428" pin=1"/></net>

<net id="438"><net_src comp="416" pin="3"/><net_sink comp="434" pin=0"/></net>

<net id="439"><net_src comp="54" pin="0"/><net_sink comp="434" pin=1"/></net>

<net id="444"><net_src comp="402" pin="3"/><net_sink comp="440" pin=0"/></net>

<net id="445"><net_src comp="56" pin="0"/><net_sink comp="440" pin=1"/></net>

<net id="450"><net_src comp="402" pin="3"/><net_sink comp="446" pin=0"/></net>

<net id="455"><net_src comp="434" pin="2"/><net_sink comp="451" pin=0"/></net>

<net id="460"><net_src comp="416" pin="3"/><net_sink comp="456" pin=0"/></net>

<net id="465"><net_src comp="440" pin="2"/><net_sink comp="461" pin=0"/></net>

<net id="470"><net_src comp="428" pin="2"/><net_sink comp="466" pin=0"/></net>

<net id="474"><net_src comp="58" pin="1"/><net_sink comp="471" pin=0"/></net>

<net id="475"><net_src comp="471" pin="1"/><net_sink comp="160" pin=1"/></net>

<net id="476"><net_src comp="471" pin="1"/><net_sink comp="213" pin=0"/></net>

<net id="477"><net_src comp="471" pin="1"/><net_sink comp="338" pin=1"/></net>

<net id="481"><net_src comp="62" pin="1"/><net_sink comp="478" pin=0"/></net>

<net id="482"><net_src comp="478" pin="1"/><net_sink comp="155" pin=1"/></net>

<net id="483"><net_src comp="478" pin="1"/><net_sink comp="373" pin=0"/></net>

<net id="484"><net_src comp="478" pin="1"/><net_sink comp="466" pin=1"/></net>

<net id="488"><net_src comp="66" pin="1"/><net_sink comp="485" pin=0"/></net>

<net id="489"><net_src comp="485" pin="1"/><net_sink comp="376" pin=0"/></net>

<net id="490"><net_src comp="485" pin="1"/><net_sink comp="461" pin=1"/></net>

<net id="494"><net_src comp="70" pin="1"/><net_sink comp="491" pin=0"/></net>

<net id="495"><net_src comp="491" pin="1"/><net_sink comp="150" pin=1"/></net>

<net id="496"><net_src comp="491" pin="1"/><net_sink comp="379" pin=0"/></net>

<net id="497"><net_src comp="491" pin="1"/><net_sink comp="456" pin=1"/></net>

<net id="501"><net_src comp="74" pin="1"/><net_sink comp="498" pin=0"/></net>

<net id="502"><net_src comp="498" pin="1"/><net_sink comp="382" pin=0"/></net>

<net id="503"><net_src comp="498" pin="1"/><net_sink comp="451" pin=1"/></net>

<net id="507"><net_src comp="78" pin="1"/><net_sink comp="504" pin=0"/></net>

<net id="508"><net_src comp="504" pin="1"/><net_sink comp="145" pin=1"/></net>

<net id="509"><net_src comp="504" pin="1"/><net_sink comp="216" pin=0"/></net>

<net id="510"><net_src comp="504" pin="1"/><net_sink comp="333" pin=1"/></net>

<net id="514"><net_src comp="82" pin="1"/><net_sink comp="511" pin=0"/></net>

<net id="515"><net_src comp="511" pin="1"/><net_sink comp="140" pin=1"/></net>

<net id="516"><net_src comp="511" pin="1"/><net_sink comp="180" pin=0"/></net>

<net id="517"><net_src comp="511" pin="1"/><net_sink comp="208" pin=1"/></net>

<net id="521"><net_src comp="86" pin="1"/><net_sink comp="518" pin=0"/></net>

<net id="522"><net_src comp="518" pin="1"/><net_sink comp="135" pin=1"/></net>

<net id="523"><net_src comp="518" pin="1"/><net_sink comp="219" pin=0"/></net>

<net id="524"><net_src comp="518" pin="1"/><net_sink comp="328" pin=1"/></net>

<net id="528"><net_src comp="90" pin="1"/><net_sink comp="525" pin=0"/></net>

<net id="529"><net_src comp="525" pin="1"/><net_sink comp="130" pin=1"/></net>

<net id="530"><net_src comp="525" pin="1"/><net_sink comp="385" pin=0"/></net>

<net id="531"><net_src comp="525" pin="1"/><net_sink comp="446" pin=1"/></net>

<net id="535"><net_src comp="94" pin="1"/><net_sink comp="532" pin=0"/></net>

<net id="536"><net_src comp="532" pin="1"/><net_sink comp="125" pin=1"/></net>

<net id="537"><net_src comp="532" pin="1"/><net_sink comp="165" pin=0"/></net>

<net id="538"><net_src comp="532" pin="1"/><net_sink comp="203" pin=1"/></net>

<net id="542"><net_src comp="168" pin="2"/><net_sink comp="539" pin=0"/></net>

<net id="546"><net_src comp="183" pin="2"/><net_sink comp="543" pin=0"/></net>

<net id="547"><net_src comp="543" pin="1"/><net_sink comp="228" pin=0"/></net>

<net id="548"><net_src comp="543" pin="1"/><net_sink comp="235" pin=0"/></net>

<net id="549"><net_src comp="543" pin="1"/><net_sink comp="252" pin=0"/></net>

<net id="550"><net_src comp="543" pin="1"/><net_sink comp="265" pin=1"/></net>

<net id="551"><net_src comp="543" pin="1"/><net_sink comp="388" pin=0"/></net>

<net id="552"><net_src comp="543" pin="1"/><net_sink comp="395" pin=0"/></net>

<net id="553"><net_src comp="543" pin="1"/><net_sink comp="402" pin=0"/></net>

<net id="557"><net_src comp="246" pin="2"/><net_sink comp="554" pin=0"/></net>

<net id="558"><net_src comp="554" pin="1"/><net_sink comp="409" pin=0"/></net>

<net id="559"><net_src comp="554" pin="1"/><net_sink comp="416" pin=0"/></net>

<net id="563"><net_src comp="270" pin="3"/><net_sink comp="560" pin=0"/></net>

<net id="564"><net_src comp="560" pin="1"/><net_sink comp="359" pin=0"/></net>

<net id="568"><net_src comp="312" pin="2"/><net_sink comp="565" pin=0"/></net>

<net id="569"><net_src comp="565" pin="1"/><net_sink comp="343" pin=0"/></net>

<net id="573"><net_src comp="318" pin="1"/><net_sink comp="570" pin=0"/></net>

<net id="574"><net_src comp="570" pin="1"/><net_sink comp="346" pin=1"/></net>

<net id="578"><net_src comp="98" pin="3"/><net_sink comp="575" pin=0"/></net>

<net id="579"><net_src comp="575" pin="1"/><net_sink comp="105" pin=0"/></net>

</net_list>

</model> 
---------------- Datapath Model END ------------------

* FSMD analyzer results:
  - Output states:
	Port: fc_in | {4 }
 - Input state : 
	Port: conv2d_Pipeline_VITIS_LOOP_137_22_VITIS_LOOP_138_23_VITIS_LOOP_139_24 : pool2_out | {3 4 }
  - Chain level:
	State 1
		store_ln0 : 1
		store_ln0 : 1
		store_ln137 : 1
		store_ln0 : 1
		store_ln138 : 1
		store_ln136 : 1
		store_ln136 : 1
		store_ln139 : 1
		indvar_flatten151_load : 1
		icmp_ln137 : 2
		add_ln137_2 : 2
		br_ln137 : 3
		indvar_flatten133_load : 1
		icmp_ln138 : 2
		add_ln138_1 : 2
		select_ln138_2 : 3
		store_ln137 : 3
		store_ln138 : 4
	State 2
		add_ln137 : 1
		select_ln137_1 : 1
		icmp_ln139 : 1
		and_ln137 : 2
		select_ln137_4 : 2
		add_ln138 : 2
		empty : 2
		j_4_mid2 : 2
		select_ln138_1 : 3
		zext_ln140 : 3
		tmp : 3
		zext_ln140_1 : 4
		add_ln140_3 : 5
		zext_ln140_2 : 4
		add_ln140_1 : 6
		trunc_ln140 : 7
		add_ln139_1 : 3
		store_ln137 : 3
		store_ln138 : 4
		store_ln139 : 4
	State 3
		add_ln139_2 : 1
		add_ln140_2 : 2
		zext_ln140_4 : 3
		pool2_out_addr : 4
		pool2_out_load : 5
	State 4
		select_ln137 : 1
		select_ln137_2 : 1
		select_ln137_3 : 1
		idx_1_mid2 : 2
		select_ln138 : 2
		zext_ln139_1 : 3
		add_ln140 : 3
		fc_in_addr : 4
		store_ln140 : 5
		add_ln139 : 3
		add_ln137_1 : 2
		store_ln137 : 2
		store_ln139 : 4
		store_ln136 : 3
		store_ln137 : 3
		store_ln136 : 4


============================================================
+ Verbose Summary: Datapath Resource usage 
============================================================

* Functional unit list:
|----------|-----------------------|---------|---------|
| Operation|    Functional Unit    |    FF   |   LUT   |
|----------|-----------------------|---------|---------|
|          |   add_ln137_2_fu_174  |    0    |    14   |
|          |   add_ln138_1_fu_189  |    0    |    14   |
|          |    add_ln137_fu_222   |    0    |    13   |
|          |    add_ln138_fu_259   |    0    |    11   |
|          |   add_ln140_3_fu_302  |    0    |    7    |
|    add   |   add_ln140_1_fu_312  |    0    |    8    |
|          |   add_ln139_1_fu_322  |    0    |    11   |
|          |   add_ln139_2_fu_353  |    0    |    9    |
|          |   add_ln140_2_fu_362  |    0    |    9    |
|          |    add_ln140_fu_428   |    0    |    14   |
|          |    add_ln139_fu_434   |    0    |    14   |
|          |   add_ln137_1_fu_440  |    0    |    14   |
|----------|-----------------------|---------|---------|
|          | select_ln138_2_fu_195 |    0    |    6    |
|          | select_ln137_1_fu_228 |    0    |    3    |
|          | select_ln137_4_fu_252 |    0    |    5    |
|          |    j_4_mid2_fu_270    |    0    |    3    |
|  select  | select_ln138_1_fu_278 |    0    |    3    |
|          |  select_ln137_fu_388  |    0    |    9    |
|          | select_ln137_2_fu_395 |    0    |    9    |
|          | select_ln137_3_fu_402 |    0    |    9    |
|          |   idx_1_mid2_fu_409   |    0    |    9    |
|          |  select_ln138_fu_416  |    0    |    9    |
|----------|-----------------------|---------|---------|
|          |   icmp_ln137_fu_168   |    0    |    14   |
|   icmp   |   icmp_ln138_fu_183   |    0    |    14   |
|          |   icmp_ln139_fu_240   |    0    |    11   |
|----------|-----------------------|---------|---------|
|    xor   |    xor_ln137_fu_235   |    0    |    2    |
|----------|-----------------------|---------|---------|
|    and   |    and_ln137_fu_246   |    0    |    2    |
|----------|-----------------------|---------|---------|
|    or    |      empty_fu_265     |    0    |    2    |
|----------|-----------------------|---------|---------|
|          |   zext_ln140_fu_286   |    0    |    0    |
|          |  zext_ln140_1_fu_298  |    0    |    0    |
|          |  zext_ln140_2_fu_308  |    0    |    0    |
|   zext   |   zext_ln139_fu_343   |    0    |    0    |
|          |  zext_ln140_3_fu_359  |    0    |    0    |
|          |  zext_ln140_4_fu_368  |    0    |    0    |
|          |  zext_ln139_1_fu_423  |    0    |    0    |
|----------|-----------------------|---------|---------|
|bitconcatenate|       tmp_fu_290      |    0    |    0    |
|          |      p_shl_fu_346     |    0    |    0    |
|----------|-----------------------|---------|---------|
|   trunc  |   trunc_ln140_fu_318  |    0    |    0    |
|----------|-----------------------|---------|---------|
|   Total  |                       |    0    |   248   |
|----------|-----------------------|---------|---------|

Memories:
N/A

* Register list:
+-------------------------+--------+
|                         |   FF   |
+-------------------------+--------+
|   add_ln137_11_reg_485  |    9   |
|    add_ln1393_reg_498   |    9   |
|   add_ln140_1_reg_565   |    8   |
|    and_ln137_reg_554    |    1   |
|        c_reg_518        |    5   |
|        i_reg_504        |    3   |
|    icmp_ln137_reg_539   |    1   |
|    icmp_ln138_reg_543   |    1   |
|      idx_1_reg_478      |    9   |
|       idx_reg_491       |    9   |
|indvar_flatten133_reg_511|    6   |
|indvar_flatten151_reg_532|    9   |
|  indvars_iv172_reg_525  |    9   |
|     j_4_mid2_reg_560    |    3   |
|        j_reg_471        |    3   |
|  pool2_out_addr_reg_575 |    9   |
|   trunc_ln140_reg_570   |    7   |
+-------------------------+--------+
|          Total          |   101  |
+-------------------------+--------+

* Multiplexer (MUX) list: 
|-------------------|------|------|------|--------||---------||---------||---------|
|        Comp       |  Pin | Size |  BW  | S x BW ||  Delay  ||    FF   ||   LUT   |
|-------------------|------|------|------|--------||---------||---------||---------|
| grp_access_fu_105 |  p0  |   2  |   9  |   18   ||    0    ||    9    |
|-------------------|------|------|------|--------||---------||---------||---------|
|       Total       |      |      |      |   18   ||  1.588  ||    0    ||    9    |
|-------------------|------|------|------|--------||---------||---------||---------|



* Summary:
+-----------+--------+--------+--------+
|           |  Delay |   FF   |   LUT  |
+-----------+--------+--------+--------+
|  Function |    -   |    0   |   248  |
|   Memory  |    -   |    -   |    -   |
|Multiplexer|    1   |    0   |    9   |
|  Register |    -   |   101  |    -   |
+-----------+--------+--------+--------+
|   Total   |    1   |   101  |   257  |
+-----------+--------+--------+--------+
